2024-11-08 08:11:15 [ERROR]: Erro ao remover candidato da vaga: No matching document found for id "672bacd8cde628ec3a913942" version 8 modifiedPaths "interestedCandidates"
2024-11-08 08:17:50 [ERROR]: Erro ao adicionar candidato à vaga: Cannot read properties of null (reading 'interestedCandidates')
2024-11-08 08:21:10 [ERROR]: Erro ao adicionar candidato à vaga: Cannot read properties of undefined (reading 'length')
2024-11-08 08:22:33 [ERROR]: Erro ao adicionar candidato à vaga: Cannot read properties of undefined (reading 'length')
2024-11-08 08:42:18 [ERROR]: Erro ao criar denúncia: Report validation failed: type: `Vaga` is not a valid enum value for path `type`.
2024-11-08 09:05:51 [ERROR]: Erro ao adicionar candidato à vaga: Cannot read properties of null (reading 'interestedCandidates')
2024-11-08 09:06:23 [ERROR]: Erro ao adicionar candidato à vaga: Cannot read properties of null (reading 'interestedCandidates')
2024-11-08 09:06:23 [ERROR]: Erro ao adicionar candidato à vaga: Cannot read properties of null (reading 'interestedCandidates')
2024-11-08 09:08:15 [ERROR]: Erro ao adicionar candidato à vaga: Cannot read properties of null (reading 'interestedCandidates')
2024-11-08 10:56:05 [ERROR]: Erro ao buscar vagas da empresa: [object Object]
2024-11-08 10:56:15 [ERROR]: Erro ao buscar vagas da empresa: [object Object]
2024-11-08 10:57:09 [ERROR]: Erro ao buscar vagas da empresa: [object Object]
2024-11-08 10:57:09 [ERROR]: Erro ao buscar vagas da empresa: [object Object]
2024-11-08 10:57:20 [ERROR]: Erro ao criar denúncia: Report validation failed: reportReason: `Outros` is not a valid enum value for path `reportReason`.
2024-11-08 10:57:32 [ERROR]: Erro ao criar denúncia: Report validation failed: reportReason: `Outros` is not a valid enum value for path `reportReason`.
2024-11-08 11:01:00 [ERROR]: Erro: Cannot convert object to primitive value
2024-11-08 11:01:00 [ERROR]: Erro: Cannot convert object to primitive value
2024-11-08 11:02:12 [ERROR]: Erro ao buscar vagas da empresa: 672e06d787d8a7d8f3bb374f
2024-11-08 11:02:12 [ERROR]: Erro ao buscar vagas da empresa: 672e06d787d8a7d8f3bb374f
2024-11-08 14:54:10 [ERROR]: Erro ao adicionar candidato à vaga: Cannot read properties of null (reading 'interestedCandidates')
2024-11-08 14:54:10 [ERROR]: Erro ao adicionar candidato à vaga: Cannot read properties of null (reading 'interestedCandidates')
2024-11-08 14:54:10 [ERROR]: Erro ao adicionar candidato à vaga: Cannot read properties of null (reading 'interestedCandidates')
