2024-09-06 21:56:49 [INFO]: Server is running on port 5000
2024-09-06 21:56:49 [INFO]: MongoDB conectado com sucesso!
2024-09-06 22:00:00 [INFO]: Códigos de verificação expirados removidos: 0
2024-09-06 22:00:00 [INFO]: Usuários não verificados removidos: 0
2024-09-06 22:00:00 [INFO]: Vagas removidas: 0
2024-09-06 22:00:00 [INFO]: Tokens expirados removidos: 0
2024-09-06 22:00:18 [INFO]: IP: ::1 - GET /api-docs
2024-09-06 22:00:18 [INFO]: IP: ::1 - GET /api-docs/
2024-09-06 22:00:18 [INFO]: IP: ::1 - GET /api-docs/swagger-ui.css
2024-09-06 22:00:18 [INFO]: IP: ::1 - GET /api-docs/swagger-ui-bundle.js
2024-09-06 22:00:18 [INFO]: IP: ::1 - GET /api-docs/swagger-ui-init.js
2024-09-06 22:00:18 [INFO]: IP: ::1 - GET /api-docs/swagger-ui-standalone-preset.js
2024-09-06 22:00:18 [INFO]: IP: ::1 - GET /api-docs/swagger-ui-init.js
2024-09-06 22:00:18 [INFO]: IP: ::1 - GET /api-docs/swagger-ui-standalone-preset.js
2024-09-06 22:00:19 [INFO]: IP: ::1 - GET /api-docs/swagger-ui-bundle.js
2024-09-06 22:00:19 [INFO]: IP: ::1 - GET /api-docs/favicon-32x32.png
2024-09-06 22:01:51 [INFO]: IP: ::1 - POST /api/auth/register
2024-09-06 22:07:48 [INFO]: IP: ::1 - GET /api-docs/
2024-09-06 22:07:48 [INFO]: IP: ::1 - GET /api-docs/swagger-ui.css
2024-09-06 22:07:48 [INFO]: IP: ::1 - GET /api-docs/swagger-ui-bundle.js
2024-09-06 22:07:48 [INFO]: IP: ::1 - GET /api-docs/swagger-ui-standalone-preset.js
2024-09-06 22:07:48 [INFO]: IP: ::1 - GET /api-docs/swagger-ui-init.js
2024-09-06 22:07:48 [INFO]: IP: ::1 - GET /api-docs/swagger-ui-bundle.js
2024-09-06 22:07:48 [INFO]: IP: ::1 - GET /api-docs/swagger-ui-standalone-preset.js
2024-09-06 22:07:48 [INFO]: IP: ::1 - GET /api-docs/swagger-ui-init.js
2024-09-06 22:07:49 [INFO]: IP: ::1 - GET /api-docs/favicon-32x32.png
2024-09-06 22:08:01 [INFO]: IP: ::1 - GET /api-docs/
2024-09-06 22:08:01 [INFO]: IP: ::1 - GET /api-docs/swagger-ui.css
2024-09-06 22:08:01 [INFO]: IP: ::1 - GET /api-docs/swagger-ui-bundle.js
2024-09-06 22:08:01 [INFO]: IP: ::1 - GET /api-docs/swagger-ui-standalone-preset.js
2024-09-06 22:08:01 [INFO]: IP: ::1 - GET /api-docs/swagger-ui-init.js
2024-09-06 22:08:01 [INFO]: IP: ::1 - GET /api-docs/swagger-ui-bundle.js
2024-09-06 22:08:01 [INFO]: IP: ::1 - GET /api-docs/swagger-ui-standalone-preset.js
2024-09-06 22:08:01 [INFO]: IP: ::1 - GET /api-docs/swagger-ui-init.js
2024-09-06 22:08:01 [INFO]: IP: ::1 - GET /api-docs/favicon-32x32.png
2024-09-06 22:08:17 [INFO]: IP: ::1 - GET /api-docs/
2024-09-06 22:08:17 [INFO]: IP: ::1 - GET /api-docs/swagger-ui.css
2024-09-06 22:08:17 [INFO]: IP: ::1 - GET /api-docs/swagger-ui-bundle.js
2024-09-06 22:08:17 [INFO]: IP: ::1 - GET /api-docs/swagger-ui-standalone-preset.js
2024-09-06 22:08:17 [INFO]: IP: ::1 - GET /api-docs/swagger-ui-init.js
2024-09-06 22:08:17 [INFO]: IP: ::1 - GET /api-docs/swagger-ui-init.js
2024-09-06 22:08:17 [INFO]: IP: ::1 - GET /api-docs/swagger-ui-bundle.js
2024-09-06 22:08:17 [INFO]: IP: ::1 - GET /api-docs/swagger-ui-standalone-preset.js
2024-09-06 22:08:17 [INFO]: IP: ::1 - GET /api-docs/favicon-32x32.png
2024-09-06 22:08:52 [INFO]: IP: ::1 - GET /api-docs/
2024-09-06 22:08:52 [INFO]: IP: ::1 - GET /api-docs/swagger-ui.css
2024-09-06 22:08:52 [INFO]: IP: ::1 - GET /api-docs/swagger-ui-bundle.js
2024-09-06 22:08:52 [INFO]: IP: ::1 - GET /api-docs/swagger-ui-standalone-preset.js
2024-09-06 22:08:52 [INFO]: IP: ::1 - GET /api-docs/swagger-ui-init.js
2024-09-06 22:08:52 [INFO]: IP: ::1 - GET /api-docs/swagger-ui-bundle.js
2024-09-06 22:08:52 [INFO]: IP: ::1 - GET /api-docs/swagger-ui-standalone-preset.js
2024-09-06 22:08:52 [INFO]: IP: ::1 - GET /api-docs/swagger-ui-init.js
2024-09-06 22:08:52 [INFO]: IP: ::1 - GET /api-docs/favicon-32x32.png
2024-09-06 22:08:53 [INFO]: IP: ::1 - GET /api-docs/
2024-09-06 22:08:53 [INFO]: IP: ::1 - GET /api-docs/swagger-ui.css
2024-09-06 22:08:53 [INFO]: IP: ::1 - GET /api-docs/swagger-ui-bundle.js
2024-09-06 22:08:53 [INFO]: IP: ::1 - GET /api-docs/swagger-ui-standalone-preset.js
2024-09-06 22:08:53 [INFO]: IP: ::1 - GET /api-docs/swagger-ui-init.js
2024-09-06 22:08:53 [INFO]: IP: ::1 - GET /api-docs/favicon-32x32.png
2024-09-06 22:08:53 [INFO]: IP: ::1 - GET /api-docs/
2024-09-06 22:08:53 [INFO]: IP: ::1 - GET /api-docs/swagger-ui.css
2024-09-06 22:08:53 [INFO]: IP: ::1 - GET /api-docs/swagger-ui-bundle.js
2024-09-06 22:08:53 [INFO]: IP: ::1 - GET /api-docs/swagger-ui-standalone-preset.js
2024-09-06 22:08:53 [INFO]: IP: ::1 - GET /api-docs/swagger-ui-init.js
2024-09-06 22:08:54 [INFO]: IP: ::1 - GET /api-docs/
2024-09-06 22:08:54 [INFO]: IP: ::1 - GET /api-docs/swagger-ui.css
2024-09-06 22:08:54 [INFO]: IP: ::1 - GET /api-docs/swagger-ui-bundle.js
2024-09-06 22:08:54 [INFO]: IP: ::1 - GET /api-docs/swagger-ui-standalone-preset.js
2024-09-06 22:08:54 [INFO]: IP: ::1 - GET /api-docs/swagger-ui-init.js
2024-09-06 22:08:54 [INFO]: IP: ::1 - GET /api-docs/favicon-32x32.png
2024-09-06 22:08:54 [INFO]: IP: ::1 - GET /api-docs/swagger-ui-bundle.js
2024-09-06 22:08:54 [INFO]: IP: ::1 - GET /api-docs/swagger-ui-init.js
2024-09-06 22:08:54 [INFO]: IP: ::1 - GET /api-docs/swagger-ui-standalone-preset.js
2024-09-06 22:08:54 [INFO]: IP: ::1 - GET /api-docs/swagger-ui-init.js
2024-09-06 22:08:54 [INFO]: IP: ::1 - GET /api-docs/swagger-ui-bundle.js
2024-09-06 22:08:54 [INFO]: IP: ::1 - GET /api-docs/swagger-ui-standalone-preset.js
2024-09-06 22:08:54 [INFO]: IP: ::1 - GET /api-docs/swagger-ui-bundle.js
2024-09-06 22:08:55 [INFO]: IP: ::1 - GET /api-docs/swagger-ui-init.js
2024-09-06 22:08:57 [INFO]: IP: ::1 - GET /api-docs/swagger-ui-standalone-preset.js
2024-09-06 22:09:10 [INFO]: IP: ::1 - GET /api-docs/
2024-09-06 22:09:10 [INFO]: IP: ::1 - GET /api-docs/swagger-ui.css
2024-09-06 22:09:10 [INFO]: IP: ::1 - GET /api-docs/swagger-ui-bundle.js
2024-09-06 22:09:10 [INFO]: IP: ::1 - GET /api-docs/swagger-ui-standalone-preset.js
2024-09-06 22:09:10 [INFO]: IP: ::1 - GET /api-docs/swagger-ui-init.js
2024-09-06 22:09:10 [INFO]: IP: ::1 - GET /api-docs/swagger-ui-init.js
2024-09-06 22:09:26 [INFO]: IP: ::1 - GET /api-docs/
2024-09-06 22:09:26 [INFO]: IP: ::1 - GET /api-docs/swagger-ui.css
2024-09-06 22:09:26 [INFO]: IP: ::1 - GET /api-docs/swagger-ui-bundle.js
2024-09-06 22:09:26 [INFO]: IP: ::1 - GET /api-docs/swagger-ui-standalone-preset.js
2024-09-06 22:09:26 [INFO]: IP: ::1 - GET /api-docs/swagger-ui-init.js
2024-09-06 22:09:27 [INFO]: IP: ::1 - GET /api-docs/favicon-32x32.png
2024-09-06 22:09:52 [INFO]: Server is running on port 5000
2024-09-06 22:09:52 [INFO]: MongoDB conectado com sucesso!
2024-09-06 22:09:53 [INFO]: IP: ::1 - GET /api-docs/
2024-09-06 22:09:54 [INFO]: IP: ::1 - GET /api-docs/swagger-ui.css
2024-09-06 22:09:54 [INFO]: IP: ::1 - GET /api-docs/swagger-ui-bundle.js
2024-09-06 22:09:54 [INFO]: IP: ::1 - GET /api-docs/swagger-ui-standalone-preset.js
2024-09-06 22:09:54 [INFO]: IP: ::1 - GET /api-docs/swagger-ui-init.js
2024-09-06 22:09:54 [INFO]: IP: ::1 - GET /
2024-09-06 22:09:54 [INFO]: IP: ::1 - GET /api-docs/favicon-32x32.png
2024-09-06 22:58:26 [INFO]: Server is running on port 5000
2024-09-06 22:58:26 [INFO]: MongoDB conectado com sucesso!
2024-09-06 22:58:35 [INFO]: IP: ::1 - GET /api-docs/
2024-09-06 22:58:36 [INFO]: IP: ::1 - GET /api-docs/swagger-ui.css
2024-09-06 22:58:36 [INFO]: IP: ::1 - GET /api-docs/swagger-ui-bundle.js
2024-09-06 22:58:36 [INFO]: IP: ::1 - GET /api-docs/swagger-ui-standalone-preset.js
2024-09-06 22:58:36 [INFO]: IP: ::1 - GET /api-docs/swagger-ui-init.js
2024-09-06 23:00:00 [INFO]: Vagas removidas: 0
2024-09-06 23:00:00 [INFO]: Usuários não verificados removidos: 0
2024-09-06 23:00:00 [INFO]: Códigos de verificação expirados removidos: 0
2024-09-06 23:00:00 [INFO]: Tokens expirados removidos: 0
2024-09-06 23:01:31 [INFO]: IP: ::1 - GET /api-docs/
2024-09-06 23:01:31 [INFO]: IP: ::1 - GET /api-docs/swagger-ui.css
2024-09-06 23:01:31 [INFO]: IP: ::1 - GET /api-docs/swagger-ui-bundle.js
2024-09-06 23:01:31 [INFO]: IP: ::1 - GET /api-docs/swagger-ui-init.js
2024-09-06 23:01:31 [INFO]: IP: ::1 - GET /api-docs/swagger-ui-standalone-preset.js
2024-09-06 23:01:32 [INFO]: IP: ::1 - GET /api-docs/favicon-32x32.png
2024-09-06 23:03:24 [INFO]: IP: ::1 - GET /api/user/company/create-company
