2024-11-13 10:08:09 [ERROR]: Erro ao criar candidato: Candidate validation failed: candidatePhone: Path `candidatePhone` is required.Requisição:{
  "candidateName": "Leonardo Da Silva",
  "email": "leonardo.candidato@gmail.com",
  "password": "123",
  "confirmPassword": "123",
  "candidateBirth": "2024-12-26",
  "cpf": "44995448820",
  "candidateAddress": {
    "publicPlace": "Rua Juan Vicente",
    "neighborhood": "Bandeiras",
    "city": "Osasco",
    "state": "SP",
    "cep": "06160-180",
    "number": "200"
  },
  "candidateEducationLevel": "Escolaridade Básica",
  "candidateCivilStatus": "Solteiro",
  "candidateLastJob": "Atendente de Supermercado",
  "desiredRole": "Desenvolvedor Front-End",
  "candidateTargetSalary": "R$ 7000",
  "desiredCity": "São Paulo",
  "desiredState": "São Paulo",
  "candidateGender": "Masculino",
  "candidateCEP": "06160-180",
  "candidatePhone": ""
}
2024-11-13 10:08:09 [ERROR]: Erro: Cannot set headers after they are sent to the client
2024-11-13 10:09:11 [ERROR]: Erro ao criar candidato: Candidate validation failed: candidatePhone: Path `candidatePhone` is required.Requisição:{
  "candidateName": "Leonardo Da Silva",
  "email": "leonardo.candidato@gmail.com",
  "password": "123",
  "confirmPassword": "123",
  "candidateBirth": "2024-12-26",
  "cpf": "44995448820",
  "candidateAddress": {
    "publicPlace": "Rua Juan Vicente",
    "neighborhood": "Bandeiras",
    "city": "Osasco",
    "state": "SP",
    "cep": "06160-180",
    "number": "200"
  },
  "candidateEducationLevel": "Escolaridade Básica",
  "candidateCivilStatus": "Solteiro",
  "candidateLastJob": "Atendente de Supermercado",
  "desiredRole": "Desenvolvedor Front-End",
  "candidateTargetSalary": "R$ 7000",
  "desiredCity": "São Paulo",
  "desiredState": "São Paulo",
  "candidateGender": "Masculino",
  "candidateCEP": "06160-180",
  "candidatePhone": ""
}
2024-11-13 10:09:11 [ERROR]: Erro: Cannot set headers after they are sent to the client
2024-11-13 10:29:29 [ERROR]: Erro ao criar candidato: Illegal arguments: undefined, numberRequisição:{
  "candidatePhone": "(12) 42534-36456546654",
  "candidateCEP": "",
  "candidateAddress": {
    "cep": ""
  }
}
2024-11-13 10:29:29 [ERROR]: Erro: Cannot set headers after they are sent to the client
2024-11-13 13:33:57 [ERROR]: Erro ao buscar vagas da empresa: undefined
2024-11-13 13:33:57 [ERROR]: Erro ao buscar empresa pelo ID: Cast to ObjectId failed for value "undefined" (type string) at path "_id" for model "Company"
2024-11-13 13:33:57 [ERROR]: Erro ao buscar vagas da empresa: undefined
2024-11-13 13:33:57 [ERROR]: Erro ao buscar empresa pelo ID: Cast to ObjectId failed for value "undefined" (type string) at path "_id" for model "Company"
2024-11-13 13:34:21 [ERROR]: Erro ao buscar empresa pelo ID: Cast to ObjectId failed for value "[object Object]" (type string) at path "_id" for model "Company"
2024-11-13 13:34:21 [ERROR]: Erro ao buscar vagas da empresa: [object Object]
2024-11-13 13:34:21 [ERROR]: Erro ao buscar empresa pelo ID: Cast to ObjectId failed for value "[object Object]" (type string) at path "_id" for model "Company"
2024-11-13 13:34:21 [ERROR]: Erro ao buscar vagas da empresa: [object Object]
2024-11-13 13:43:16 [ERROR]: Erro ao buscar vagas da empresa: [object Object]
2024-11-13 13:43:16 [ERROR]: Erro ao buscar empresa pelo ID: Cast to ObjectId failed for value "[object Object]" (type string) at path "_id" for model "Company"
2024-11-13 13:43:16 [ERROR]: Erro ao buscar vagas da empresa: [object Object]
2024-11-13 13:43:16 [ERROR]: Erro ao buscar empresa pelo ID: Cast to ObjectId failed for value "[object Object]" (type string) at path "_id" for model "Company"
2024-11-13 13:48:00 [ERROR]: Erro ao buscar empresa pelo ID: Cast to ObjectId failed for value "[object Object]" (type string) at path "_id" for model "Company"
2024-11-13 13:48:00 [ERROR]: Erro ao buscar vagas da empresa: [object Object]
2024-11-13 13:48:00 [ERROR]: Erro ao buscar empresa pelo ID: Cast to ObjectId failed for value "[object Object]" (type string) at path "_id" for model "Company"
2024-11-13 13:48:00 [ERROR]: Erro ao buscar vagas da empresa: [object Object]
2024-11-13 14:27:48 [ERROR]: Erro ao adicionar candidato à vaga: Cannot read properties of null (reading 'interestedCandidates')
2024-11-13 14:27:48 [ERROR]: Erro ao adicionar candidato à vaga: Cannot read properties of null (reading 'interestedCandidates')
2024-11-13 14:27:48 [ERROR]: Erro ao adicionar candidato à vaga: Cannot read properties of null (reading 'interestedCandidates')
2024-11-13 14:28:48 [ERROR]: Erro ao adicionar candidato à vaga: Cannot read properties of null (reading 'interestedCandidates')
2024-11-13 14:28:48 [ERROR]: Erro ao adicionar candidato à vaga: Cannot read properties of null (reading 'interestedCandidates')
2024-11-13 14:28:48 [ERROR]: Erro ao adicionar candidato à vaga: Cannot read properties of null (reading 'interestedCandidates')
2024-11-13 14:31:28 [ERROR]: Erro ao adicionar candidato à vaga: Cannot read properties of null (reading 'interestedCandidates')
2024-11-13 14:31:28 [ERROR]: Erro ao adicionar candidato à vaga: Cannot read properties of null (reading 'interestedCandidates')
2024-11-13 14:31:28 [ERROR]: Erro ao adicionar candidato à vaga: Cannot read properties of null (reading 'interestedCandidates')
