2024-11-22 08:01:58 [ERROR]: Erro ao listar denúncias: Cannot read properties of null (reading '_id')
2024-11-22 08:01:59 [ERROR]: Erro ao listar denúncias: Cannot read properties of null (reading '_id')
2024-11-22 08:02:00 [ERROR]: Erro ao listar denúncias: Cannot read properties of null (reading '_id')
2024-11-22 08:02:04 [ERROR]: Erro ao listar denúncias: Cannot read properties of null (reading '_id')
2024-11-22 08:02:14 [ERROR]: Erro ao listar denúncias: Cannot read properties of null (reading '_id')
2024-11-22 08:02:25 [ERROR]: Erro ao listar denúncias: Cannot read properties of null (reading '_id')
2024-11-22 08:02:26 [ERROR]: Erro ao listar denúncias: Cannot read properties of null (reading '_id')
2024-11-22 08:02:31 [ERROR]: Erro ao listar denúncias: Cannot read properties of null (reading '_id')
2024-11-22 08:02:32 [ERROR]: Erro ao listar denúncias: Cannot read properties of null (reading '_id')
2024-11-22 08:02:35 [ERROR]: Erro ao listar denúncias: Cannot read properties of null (reading '_id')
2024-11-22 08:02:41 [ERROR]: Erro ao listar denúncias: Cannot read properties of null (reading '_id')
2024-11-22 08:03:42 [ERROR]: Erro ao listar denúncias: Cannot read properties of null (reading '_id')
2024-11-22 08:03:42 [ERROR]: Erro ao listar denúncias: Cannot read properties of null (reading '_id')
2024-11-22 08:03:56 [ERROR]: Erro ao listar denúncias: Cannot read properties of null (reading '_id')
2024-11-22 08:03:56 [ERROR]: Erro ao listar denúncias: Cannot read properties of null (reading '_id')
2024-11-22 08:03:59 [ERROR]: Erro ao listar denúncias: Cannot read properties of null (reading '_id')
2024-11-22 08:03:59 [ERROR]: Erro ao listar denúncias: Cannot read properties of null (reading '_id')
2024-11-22 08:04:07 [ERROR]: Erro ao listar denúncias: Cannot read properties of null (reading '_id')
2024-11-22 08:04:07 [ERROR]: Erro ao listar denúncias: Cannot read properties of null (reading '_id')
2024-11-22 08:04:19 [ERROR]: Erro ao listar denúncias: Cannot read properties of null (reading '_id')
2024-11-22 08:04:19 [ERROR]: Erro ao listar denúncias: Cannot read properties of null (reading '_id')
2024-11-22 08:05:22 [ERROR]: Erro ao listar denúncias: Cannot read properties of null (reading '_id')
2024-11-22 08:05:22 [ERROR]: Erro ao listar denúncias: Cannot read properties of null (reading '_id')
2024-11-22 08:08:06 [ERROR]: Erro ao listar denúncias: Cannot read properties of null (reading '_id')
2024-11-22 08:08:06 [ERROR]: Erro ao listar denúncias: Cannot read properties of null (reading '_id')
2024-11-22 08:08:09 [ERROR]: Erro ao listar denúncias: Cannot read properties of null (reading '_id')
2024-11-22 08:08:09 [ERROR]: Erro ao listar denúncias: Cannot read properties of null (reading '_id')
2024-11-22 08:08:35 [ERROR]: Erro ao listar denúncias: Cannot read properties of null (reading '_id')
2024-11-22 08:08:35 [ERROR]: Erro ao listar denúncias: Cannot read properties of null (reading '_id')
2024-11-22 08:17:29 [ERROR]: Erro ao listar denúncias: Cannot read properties of null (reading '_id')
2024-11-22 08:17:30 [ERROR]: Erro ao listar denúncias: Cannot read properties of null (reading '_id')
2024-11-22 08:23:29 [ERROR]: Erro ao listar denúncias: Cannot read properties of null (reading '_id')
2024-11-22 08:24:26 [ERROR]: Erro ao listar denúncias: Cannot read properties of null (reading '_id')
2024-11-22 08:24:26 [ERROR]: Erro ao listar denúncias: Cannot read properties of null (reading '_id')
2024-11-22 08:24:27 [ERROR]: Erro ao listar denúncias: Cannot read properties of null (reading '_id')
2024-11-22 08:24:27 [ERROR]: Erro ao listar denúncias: Cannot read properties of null (reading '_id')
2024-11-22 08:25:26 [ERROR]: Erro ao listar denúncias: Cannot read properties of null (reading '_id')
2024-11-22 08:25:26 [ERROR]: Erro ao listar denúncias: Cannot read properties of null (reading '_id')
2024-11-22 08:25:27 [ERROR]: Erro ao listar denúncias: Cannot read properties of null (reading '_id')
2024-11-22 08:25:27 [ERROR]: Erro ao listar denúncias: Cannot read properties of null (reading '_id')
2024-11-22 08:25:31 [ERROR]: Erro ao listar denúncias: Cannot read properties of null (reading '_id')
2024-11-22 08:25:31 [ERROR]: Erro ao listar denúncias: Cannot read properties of null (reading '_id')
2024-11-22 08:27:30 [ERROR]: Erro ao listar denúncias: Cannot read properties of null (reading '_id')
2024-11-22 08:27:30 [ERROR]: Erro ao listar denúncias: Cannot read properties of null (reading '_id')
2024-11-22 08:29:55 [ERROR]: Erro ao listar denúncias: Cannot read properties of null (reading '_id')
2024-11-22 08:29:55 [ERROR]: Erro ao listar denúncias: Cannot read properties of null (reading '_id')
2024-11-22 08:29:58 [ERROR]: Erro ao listar denúncias: Cannot read properties of null (reading '_id')
2024-11-22 08:29:58 [ERROR]: Erro ao listar denúncias: Cannot read properties of null (reading '_id')
2024-11-22 08:29:58 [ERROR]: Erro ao listar denúncias: Cannot read properties of null (reading '_id')
2024-11-22 08:29:59 [ERROR]: Erro ao listar denúncias: Cannot read properties of null (reading '_id')
2024-11-22 08:31:10 [ERROR]: Erro ao listar denúncias: Cannot read properties of null (reading '_id')
2024-11-22 08:31:10 [ERROR]: Erro ao listar denúncias: Cannot read properties of null (reading '_id')
2024-11-22 08:34:11 [ERROR]: Erro ao listar denúncias: Cannot read properties of null (reading '_id')
2024-11-22 08:34:12 [ERROR]: Erro ao listar denúncias: Cannot read properties of null (reading '_id')
2024-11-22 08:35:11 [ERROR]: Erro ao criar candidato: Candidate validation failed: candidateAddress.state: Path `candidateAddress.state` is required., candidateAddress.city: Path `candidateAddress.city` is required., candidateAddress.neighborhood: Path `candidateAddress.neighborhood` is required., candidateAddress.publicPlace: Path `candidateAddress.publicPlace` is required., candidateCEP: Path `candidateCEP` is required.Requisição:{
  "candidateName": "Vítor Lima Ferreira",
  "email": "vitor.candidato@gmail.com",
  "password": "123",
  "confirmPassword": "123",
  "candidateBirth": "2006-11-22",
  "candidatePhone": "(11) 96400-0000",
  "candidateAddress": {
    "number": "200",
    "cep": ""
  },
  "candidateEducationLevel": "Ensino Médio",
  "candidateCivilStatus": "Solteiro",
  "candidateLastJob": "Atendente de Supermercado",
  "desiredRole": "Desenvolvedor Front-End",
  "desiredCity": "São Paulo",
  "desiredState": "São Paulo",
  "candidateGender": "Masculino",
  "candidateTargetSalary": " 5000",
  "candidateCEP": ""
}
2024-11-22 08:35:11 [ERROR]: Erro: Cannot set headers after they are sent to the client
2024-11-22 08:35:41 [ERROR]: Erro ao criar candidato: Candidate validation failed: candidateAddress.state: Path `candidateAddress.state` is required., candidateAddress.city: Path `candidateAddress.city` is required., candidateAddress.neighborhood: Path `candidateAddress.neighborhood` is required., candidateAddress.publicPlace: Path `candidateAddress.publicPlace` is required., candidateCEP: Path `candidateCEP` is required.Requisição:{
  "candidateName": "Vítor Lima Ferreira",
  "email": "vitor.candidato@gmail.com",
  "password": "123",
  "confirmPassword": "123",
  "candidateBirth": "2006-11-22",
  "candidatePhone": "(11) 96400-0000",
  "candidateAddress": {
    "number": "200",
    "cep": ""
  },
  "candidateEducationLevel": "Ensino Médio",
  "candidateCivilStatus": "Solteiro",
  "candidateLastJob": "Atendente de Supermercado",
  "desiredRole": "Desenvolvedor Front-End",
  "desiredCity": "São Paulo",
  "desiredState": "São Paulo",
  "candidateGender": "Masculino",
  "candidateTargetSalary": " 5000",
  "candidateCEP": ""
}
2024-11-22 08:35:41 [ERROR]: Erro: Cannot set headers after they are sent to the client
2024-11-22 08:35:44 [ERROR]: Erro ao criar candidato: Candidate validation failed: candidateAddress.state: Path `candidateAddress.state` is required., candidateAddress.city: Path `candidateAddress.city` is required., candidateAddress.neighborhood: Path `candidateAddress.neighborhood` is required., candidateAddress.publicPlace: Path `candidateAddress.publicPlace` is required., candidateCEP: Path `candidateCEP` is required.Requisição:{
  "candidateName": "Vítor Lima Ferreira",
  "email": "vitor.candidato@gmail.com",
  "password": "123",
  "confirmPassword": "123",
  "candidateBirth": "2006-11-22",
  "candidatePhone": "(11) 96400-0000",
  "candidateAddress": {
    "number": "200",
    "cep": ""
  },
  "candidateEducationLevel": "Ensino Médio",
  "candidateCivilStatus": "Solteiro",
  "candidateLastJob": "Atendente de Supermercado",
  "desiredRole": "Desenvolvedor Front-End",
  "desiredCity": "São Paulo",
  "desiredState": "São Paulo",
  "candidateGender": "Masculino",
  "candidateTargetSalary": " 5000",
  "candidateCEP": ""
}
2024-11-22 08:35:44 [ERROR]: Erro: Cannot set headers after they are sent to the client
2024-11-22 08:40:15 [ERROR]: Erro ao criar candidato: Candidate validation failed: candidateAddress.state: Path `candidateAddress.state` is required., candidateAddress.city: Path `candidateAddress.city` is required., candidateAddress.neighborhood: Path `candidateAddress.neighborhood` is required., candidateAddress.publicPlace: Path `candidateAddress.publicPlace` is required.Requisição:{
  "candidateName": "julia ribeiro",
  "email": "julinhanegui@outlook.com",
  "password": "123456789",
  "confirmPassword": "123456789",
  "candidatePhone": "(11) 40028-9222",
  "cpf": "123.456.789-10",
  "candidateAddress": {
    "number": "666",
    "cep": "12345-678"
  },
  "candidateCivilStatus": "afetada",
  "candidateLastJob": "massageador",
  "desiredRole": "limpar ar condionado",
  "desiredCity": "aiti",
  "desiredState": "wakanda",
  "candidateGender": "Prefiro não dizer",
  "candidateBirth": "1820-02-18",
  "candidateTargetSalary": "₹ 344",
  "candidateCEP": "12345-678"
}
2024-11-22 08:40:15 [ERROR]: Erro: Cannot set headers after they are sent to the client
2024-11-22 08:40:34 [ERROR]: Erro ao criar candidato: Candidate validation failed: candidateAddress.state: Path `candidateAddress.state` is required., candidateAddress.city: Path `candidateAddress.city` is required., candidateAddress.neighborhood: Path `candidateAddress.neighborhood` is required., candidateAddress.publicPlace: Path `candidateAddress.publicPlace` is required.Requisição:{
  "candidateName": "julia ribeiro",
  "email": "julinhanegui@outlook.com",
  "password": "123456789",
  "confirmPassword": "123456789",
  "candidatePhone": "(11) 40028-9222",
  "cpf": "123.456.789-10",
  "candidateAddress": {
    "number": "666",
    "cep": "12345-678"
  },
  "candidateCivilStatus": "afetada",
  "candidateLastJob": "massageador",
  "desiredRole": "limpar ar condionado",
  "desiredCity": "aiti",
  "desiredState": "wakanda",
  "candidateGender": "Prefiro não dizer",
  "candidateBirth": "1820-02-18",
  "candidateEducationLevel": "Ensino Fundamental",
  "candidateTargetSalary": "₹ 344",
  "candidateCEP": "12345-678"
}
2024-11-22 08:40:34 [ERROR]: Erro: Cannot set headers after they are sent to the client
2024-11-22 08:40:56 [ERROR]: Erro ao criar candidato: Candidate validation failed: candidateAddress.state: Path `candidateAddress.state` is required., candidateAddress.city: Path `candidateAddress.city` is required., candidateAddress.neighborhood: Path `candidateAddress.neighborhood` is required., candidateAddress.publicPlace: Path `candidateAddress.publicPlace` is required.Requisição:{
  "candidateName": "julia ribeiro",
  "email": "julinhanegui@outlook.com",
  "password": "123456789",
  "confirmPassword": "123456789",
  "candidatePhone": "(11) 40028-9222",
  "cpf": "123.456.789-10",
  "candidateAddress": {
    "number": "666",
    "cep": "12345-678"
  },
  "candidateCivilStatus": "afetada",
  "candidateLastJob": "massageador",
  "desiredRole": "limpar ar condionado",
  "desiredCity": "aiti",
  "desiredState": "wakanda",
  "candidateGender": "Prefiro não dizer",
  "candidateBirth": "1820-02-18",
  "candidateEducationLevel": "Ensino Fundamental",
  "candidateTargetSalary": "₹ 344",
  "candidateCEP": "12345-678"
}
2024-11-22 08:40:56 [ERROR]: Erro: Cannot set headers after they are sent to the client
2024-11-22 08:45:22 [ERROR]: Erro ao listar denúncias: Cannot read properties of null (reading '_id')
2024-11-22 08:45:22 [ERROR]: Erro ao listar denúncias: Cannot read properties of null (reading '_id')
2024-11-22 08:49:25 [ERROR]: Erro ao listar denúncias: Cannot read properties of null (reading '_id')
2024-11-22 08:49:25 [ERROR]: Erro ao listar denúncias: Cannot read properties of null (reading '_id')
2024-11-22 08:56:36 [ERROR]: Erro ao listar denúncias: Cannot read properties of null (reading '_id')
2024-11-22 08:56:36 [ERROR]: Erro ao listar denúncias: Cannot read properties of null (reading '_id')
2024-11-22 08:59:16 [ERROR]: Erro ao listar denúncias: Cannot read properties of null (reading '_id')
2024-11-22 08:59:16 [ERROR]: Erro ao listar denúncias: Cannot read properties of null (reading '_id')
2024-11-22 09:02:09 [ERROR]: Erro ao listar denúncias: Cannot read properties of null (reading '_id')
2024-11-22 09:02:09 [ERROR]: Erro ao listar denúncias: Cannot read properties of null (reading '_id')
2024-11-22 09:02:35 [ERROR]: Erro ao listar denúncias: Cannot read properties of null (reading '_id')
2024-11-22 09:02:35 [ERROR]: Erro ao listar denúncias: Cannot read properties of null (reading '_id')
2024-11-22 09:03:23 [ERROR]: Erro ao listar denúncias: Cannot read properties of null (reading '_id')
2024-11-22 09:03:23 [ERROR]: Erro ao listar denúncias: Cannot read properties of null (reading '_id')
2024-11-22 09:43:43 [ERROR]: Erro ao listar denúncias: Cannot read properties of null (reading '_id')
2024-11-22 09:43:44 [ERROR]: Erro ao listar denúncias: Cannot read properties of null (reading '_id')
2024-11-22 09:43:45 [ERROR]: Erro ao listar denúncias: Cannot read properties of null (reading '_id')
2024-11-22 09:43:45 [ERROR]: Erro ao listar denúncias: Cannot read properties of null (reading '_id')
2024-11-22 09:43:47 [ERROR]: Erro ao listar denúncias: Cannot read properties of null (reading '_id')
2024-11-22 09:43:47 [ERROR]: Erro ao listar denúncias: Cannot read properties of null (reading '_id')
2024-11-22 09:48:58 [ERROR]: Erro ao listar denúncias: Cannot read properties of null (reading '_id')
2024-11-22 09:48:58 [ERROR]: Erro ao listar denúncias: Cannot read properties of null (reading '_id')
2024-11-22 09:49:00 [ERROR]: Erro ao listar denúncias: Cannot read properties of null (reading '_id')
2024-11-22 09:49:00 [ERROR]: Erro ao listar denúncias: Cannot read properties of null (reading '_id')
2024-11-22 09:49:00 [ERROR]: Erro ao listar denúncias: Cannot read properties of null (reading '_id')
2024-11-22 09:49:01 [ERROR]: Erro ao listar denúncias: Cannot read properties of null (reading '_id')
2024-11-22 09:56:18 [ERROR]: Erro ao listar denúncias: Cannot read properties of null (reading '_id')
2024-11-22 09:56:18 [ERROR]: Erro ao listar denúncias: Cannot read properties of null (reading '_id')
2024-11-22 09:56:57 [ERROR]: Erro ao listar denúncias: Cannot read properties of null (reading '_id')
2024-11-22 09:56:57 [ERROR]: Erro ao listar denúncias: Cannot read properties of null (reading '_id')
2024-11-22 09:57:29 [ERROR]: Erro ao listar denúncias: Cannot read properties of null (reading '_id')
2024-11-22 09:57:29 [ERROR]: Erro ao listar denúncias: Cannot read properties of null (reading '_id')
2024-11-22 09:57:38 [ERROR]: Erro ao listar denúncias: Cannot read properties of null (reading '_id')
2024-11-22 09:57:38 [ERROR]: Erro ao listar denúncias: Cannot read properties of null (reading '_id')
2024-11-22 09:58:11 [ERROR]: Erro ao listar denúncias: Cannot read properties of null (reading '_id')
2024-11-22 09:58:11 [ERROR]: Erro ao listar denúncias: Cannot read properties of null (reading '_id')
2024-11-22 09:59:43 [ERROR]: Erro ao listar denúncias: Cannot read properties of null (reading '_id')
2024-11-22 09:59:43 [ERROR]: Erro ao listar denúncias: Cannot read properties of null (reading '_id')
2024-11-22 10:00:24 [ERROR]: Erro ao listar denúncias: Cannot read properties of null (reading '_id')
2024-11-22 10:00:24 [ERROR]: Erro ao listar denúncias: Cannot read properties of null (reading '_id')
2024-11-22 10:00:30 [ERROR]: Erro ao listar denúncias: Cannot read properties of null (reading '_id')
2024-11-22 10:00:30 [ERROR]: Erro ao listar denúncias: Cannot read properties of null (reading '_id')
2024-11-22 10:00:32 [ERROR]: Erro ao listar denúncias: Cannot read properties of null (reading '_id')
2024-11-22 10:00:32 [ERROR]: Erro ao listar denúncias: Cannot read properties of null (reading '_id')
2024-11-22 10:22:54 [ERROR]: Erro ao adicionar candidato à vaga: Cannot read properties of null (reading 'interestedCandidates')
2024-11-22 10:37:54 [ERROR]: Erro ao criar candidato: Candidate validation failed: candidateAddress.number: Path `candidateAddress.number` is required., candidateAddress.state: Path `candidateAddress.state` is required., candidateAddress.city: Path `candidateAddress.city` is required., candidateAddress.neighborhood: Path `candidateAddress.neighborhood` is required., candidateAddress.publicPlace: Path `candidateAddress.publicPlace` is required., candidatePhone: Path `candidatePhone` is required., desiredRole: Path `desiredRole` is required., desiredState: Path `desiredState` is required., desiredCity: Path `desiredCity` is required., candidateCEP: Path `candidateCEP` is required., candidateGender: Path `candidateGender` is required.Requisição:{
  "candidateName": "wefwefwe",
  "email": "vitor.candidato21234@gmail.com",
  "password": "12345678",
  "confirmPassword": "12345678",
  "candidateBirth": "2010-10-15",
  "candidatePhone": "",
  "candidateTargetSalary": " ",
  "candidateCEP": "",
  "candidateAddress": {
    "cep": ""
  }
}
2024-11-22 10:37:54 [ERROR]: Erro: Cannot set headers after they are sent to the client
2024-11-22 10:42:04 [ERROR]: Erro ao adicionar candidato à vaga: Cannot read properties of null (reading 'interestedCandidates')
2024-11-22 10:42:04 [ERROR]: Erro ao adicionar candidato à vaga: Cannot read properties of null (reading 'interestedCandidates')
2024-11-22 10:42:04 [ERROR]: Erro ao adicionar candidato à vaga: Cannot read properties of null (reading 'interestedCandidates')
2024-11-22 10:42:04 [ERROR]: Erro ao adicionar candidato à vaga: Cannot read properties of null (reading 'interestedCandidates')
2024-11-22 10:42:04 [ERROR]: Erro ao adicionar candidato à vaga: Cannot read properties of null (reading 'interestedCandidates')
2024-11-22 10:46:01 [ERROR]: Erro ao adicionar candidato à vaga: Cannot read properties of null (reading 'interestedCandidates')
2024-11-22 10:46:48 [ERROR]: Erro ao adicionar candidato à vaga: Cannot read properties of null (reading 'interestedCandidates')
2024-11-22 11:08:24 [ERROR]: Erro ao criar candidato: candidateCPF is not defined - Dados: {"candidateName":"Vítor Lima Ferreira","email":"testee3r3r@example.com","password":"12345678","confirmPassword":"12345678","candidateBirth":"2000-10-15","candidatePhone":"(11) 96785-0768","candidateAddress":{"publicPlace":"Rua Juan Vicente","neighborhood":"Bandeiras","city":"Osasco","state":"SP","cep":"0616018","number":"200"},"candidateEducationLevel":"Ensino Fundamental","candidateCivilStatus":"Solteiro","candidateLastJob":"Atendente de Supermercado","desiredRole":"Desenvolvedor Front-End","desiredState":"São Paulo","desiredCity":"São Paulo","candidateGender":"Masculino","candidateTargetSalary":"US$ 3332","candidateCEP":"0616018"}
2024-11-22 11:08:24 [ERROR]: Erro: Cannot set headers after they are sent to the client
2024-11-22 11:08:25 [ERROR]: Erro ao criar candidato: candidateCPF is not defined - Dados: {"candidateName":"Vítor Lima Ferreira","email":"testee3r3r@example.com","password":"12345678","confirmPassword":"12345678","candidateBirth":"2000-10-15","candidatePhone":"(11) 96785-0768","candidateAddress":{"publicPlace":"Rua Juan Vicente","neighborhood":"Bandeiras","city":"Osasco","state":"SP","cep":"0616018","number":"200"},"candidateEducationLevel":"Ensino Fundamental","candidateCivilStatus":"Solteiro","candidateLastJob":"Atendente de Supermercado","desiredRole":"Desenvolvedor Front-End","desiredState":"São Paulo","desiredCity":"São Paulo","candidateGender":"Masculino","candidateTargetSalary":"US$ 3332","candidateCEP":"0616018"}
2024-11-22 11:08:25 [ERROR]: Erro: Cannot set headers after they are sent to the client
2024-11-22 11:08:45 [ERROR]: Erro ao criar candidato: E11000 duplicate key error collection: sistemacurriculos.users index: email_1 dup key: { email: "testee3r3r@example.com" } - Dados: {"candidateName":"Vítor Lima Ferreira","email":"testee3r3r@example.com","password":"12345678","confirmPassword":"12345678","candidateBirth":"2000-10-15","candidatePhone":"(11) 96785-0768","candidateAddress":{"publicPlace":"Rua Juan Vicente","neighborhood":"Bandeiras","city":"Osasco","state":"SP","cep":"0616018","number":"200"},"candidateEducationLevel":"Ensino Fundamental","candidateCivilStatus":"Solteiro","candidateLastJob":"Atendente de Supermercado","desiredRole":"Desenvolvedor Front-End","desiredState":"São Paulo","desiredCity":"São Paulo","candidateGender":"Masculino","candidateTargetSalary":"US$ 3332","candidateCEP":"0616018"}
2024-11-22 11:08:45 [ERROR]: Erro: Cannot set headers after they are sent to the client
2024-11-22 11:08:45 [ERROR]: Erro ao criar candidato: E11000 duplicate key error collection: sistemacurriculos.users index: email_1 dup key: { email: "testee3r3r@example.com" } - Dados: {"candidateName":"Vítor Lima Ferreira","email":"testee3r3r@example.com","password":"12345678","confirmPassword":"12345678","candidateBirth":"2000-10-15","candidatePhone":"(11) 96785-0768","candidateAddress":{"publicPlace":"Rua Juan Vicente","neighborhood":"Bandeiras","city":"Osasco","state":"SP","cep":"0616018","number":"200"},"candidateEducationLevel":"Ensino Fundamental","candidateCivilStatus":"Solteiro","candidateLastJob":"Atendente de Supermercado","desiredRole":"Desenvolvedor Front-End","desiredState":"São Paulo","desiredCity":"São Paulo","candidateGender":"Masculino","candidateTargetSalary":"US$ 3332","candidateCEP":"0616018"}
2024-11-22 11:08:45 [ERROR]: Erro: Cannot set headers after they are sent to the client
2024-11-22 11:08:45 [ERROR]: Erro ao criar candidato: E11000 duplicate key error collection: sistemacurriculos.users index: email_1 dup key: { email: "testee3r3r@example.com" } - Dados: {"candidateName":"Vítor Lima Ferreira","email":"testee3r3r@example.com","password":"12345678","confirmPassword":"12345678","candidateBirth":"2000-10-15","candidatePhone":"(11) 96785-0768","candidateAddress":{"publicPlace":"Rua Juan Vicente","neighborhood":"Bandeiras","city":"Osasco","state":"SP","cep":"0616018","number":"200"},"candidateEducationLevel":"Ensino Fundamental","candidateCivilStatus":"Solteiro","candidateLastJob":"Atendente de Supermercado","desiredRole":"Desenvolvedor Front-End","desiredState":"São Paulo","desiredCity":"São Paulo","candidateGender":"Masculino","candidateTargetSalary":"US$ 3332","candidateCEP":"0616018"}
2024-11-22 11:09:34 [ERROR]: Erro ao criar candidato: Candidate validation failed: candidateAddress.state: Path `candidateAddress.state` is required., candidateAddress.city: Path `candidateAddress.city` is required., candidateAddress.neighborhood: Path `candidateAddress.neighborhood` is required., candidateAddress.publicPlace: Path `candidateAddress.publicPlace` is required., candidateGender: Path `candidateGender` is required. - Dados: {"candidateName":"Pedro","email":"wefwe@gmail.com","password":"12345678","confirmPassword":"12345678","candidateBirth":"2010-10-15","candidatePhone":"(11) 96400-0000","candidateAddress":{"number":"455","cep":"06160"},"candidateEducationLevel":"Ensino Fundamental","candidateCivilStatus":"Solteiro","candidateLastJob":"Atendente de Supermercado","desiredRole":"Desenvolvedor Front-End","desiredCity":"São Paulo","desiredState":"São Paulo","candidateTargetSalary":"£ 343434","candidateCEP":"06160"}
2024-11-22 11:09:34 [ERROR]: Erro: Cannot set headers after they are sent to the client
2024-11-22 11:12:13 [ERROR]: Erro ao criar candidato: Cannot read properties of undefined (reading 'replace') - Dados: {"candidateName":"Pedro","email":"wefwe@gmail.com","password":"12345678","confirmPassword":"12345678","candidateBirth":"2010-10-15","candidatePhone":"(11) 96400-0000","candidateAddress":{"publicPlace":"Rua Juan Vicente","neighborhood":"Bandeiras","city":"Osasco","state":"SP","cep":"0616018","number":"455"},"candidateEducationLevel":"Ensino Fundamental","candidateCivilStatus":"Solteiro","candidateLastJob":"Atendente de Supermercado","desiredRole":"Desenvolvedor Front-End","desiredCity":"São Paulo","desiredState":"São Paulo","candidateTargetSalary":"£ 343434","candidateCEP":"0616018"}
2024-11-22 11:12:13 [ERROR]: Erro: Cannot set headers after they are sent to the client
2024-11-22 11:12:14 [ERROR]: Erro ao criar candidato: Cannot read properties of undefined (reading 'replace') - Dados: {"candidateName":"Pedro","email":"wefwe@gmail.com","password":"12345678","confirmPassword":"12345678","candidateBirth":"2010-10-15","candidatePhone":"(11) 96400-0000","candidateAddress":{"publicPlace":"Rua Juan Vicente","neighborhood":"Bandeiras","city":"Osasco","state":"SP","cep":"0616018","number":"455"},"candidateEducationLevel":"Ensino Fundamental","candidateCivilStatus":"Solteiro","candidateLastJob":"Atendente de Supermercado","desiredRole":"Desenvolvedor Front-End","desiredCity":"São Paulo","desiredState":"São Paulo","candidateTargetSalary":"£ 343434","candidateCEP":"0616018"}
2024-11-22 11:12:14 [ERROR]: Erro: Cannot set headers after they are sent to the client
2024-11-22 11:13:05 [ERROR]: Erro ao criar candidato: Candidate validation failed: candidateGender: Path `candidateGender` is required. - Dados: {"candidateName":"Pedro","email":"wefwe@gmail.com","password":"12345678","confirmPassword":"12345678","candidateBirth":"2010-10-15","candidatePhone":"(11) 96400-0000","candidateAddress":{"publicPlace":"Rua Juan Vicente","neighborhood":"Bandeiras","city":"Osasco","state":"SP","cep":"06160-180","number":"455"},"candidateEducationLevel":"Ensino Fundamental","candidateCivilStatus":"Solteiro","candidateLastJob":"Atendente de Supermercado","desiredRole":"Desenvolvedor Front-End","desiredCity":"São Paulo","desiredState":"São Paulo","candidateTargetSalary":"£ 343434","candidateCEP":"06160-180"}
2024-11-22 11:13:05 [ERROR]: Erro: Cannot set headers after they are sent to the client
2024-11-22 14:47:03 [ERROR]: Erro ao remover vaga de emprego dos favoritos: No matching document found for id "6740c1bee9c1195429fbe455" version 6 modifiedPaths "favoriteJobVacancies"
2024-11-22 15:04:43 [ERROR]: Erro ao remover vaga de emprego dos favoritos: No matching document found for id "6740c1bee9c1195429fbe455" version 17 modifiedPaths "favoriteJobVacancies"
