2024-11-01 16:46:53 [ERROR]: Erro ao validar token de atualização: jwt expired
2024-11-01 08:22:52 [ERROR]: Erro ao adicionar candidato aos favoritos: JobVacancyFavorites validation failed: companyId: Path `companyId` is required., favoriteCandidates.0: Path `favoriteCandidates.0` is required.
2024-11-01 08:22:54 [ERROR]: Erro ao adicionar candidato aos favoritos: JobVacancyFavorites validation failed: companyId: Path `companyId` is required., favoriteCandidates.0: Path `favoriteCandidates.0` is required.
2024-11-01 08:23:07 [ERROR]: Erro ao adicionar candidato aos favoritos: JobVacancyFavorites validation failed: companyId: Path `companyId` is required., favoriteCandidates.0: Path `favoriteCandidates.0` is required.
2024-11-01 08:23:08 [ERROR]: Erro ao adicionar candidato aos favoritos: JobVacancyFavorites validation failed: companyId: Path `companyId` is required., favoriteCandidates.0: Path `favoriteCandidates.0` is required.
2024-11-01 08:23:08 [ERROR]: Erro ao adicionar candidato aos favoritos: JobVacancyFavorites validation failed: companyId: Path `companyId` is required., favoriteCandidates.0: Path `favoriteCandidates.0` is required.
2024-11-01 08:23:08 [ERROR]: Erro ao adicionar candidato aos favoritos: JobVacancyFavorites validation failed: companyId: Path `companyId` is required., favoriteCandidates.0: Path `favoriteCandidates.0` is required.
2024-11-01 08:23:08 [ERROR]: Erro ao adicionar candidato aos favoritos: JobVacancyFavorites validation failed: companyId: Path `companyId` is required., favoriteCandidates.0: Path `favoriteCandidates.0` is required.
2024-11-01 08:23:09 [ERROR]: Erro ao adicionar candidato aos favoritos: JobVacancyFavorites validation failed: companyId: Path `companyId` is required., favoriteCandidates.0: Path `favoriteCandidates.0` is required.
2024-11-01 08:23:09 [ERROR]: Erro ao adicionar candidato aos favoritos: JobVacancyFavorites validation failed: companyId: Path `companyId` is required., favoriteCandidates.0: Path `favoriteCandidates.0` is required.
2024-11-01 08:23:09 [ERROR]: Erro ao adicionar candidato aos favoritos: JobVacancyFavorites validation failed: companyId: Path `companyId` is required., favoriteCandidates.0: Path `favoriteCandidates.0` is required.
2024-11-01 08:23:09 [ERROR]: Erro ao adicionar candidato aos favoritos: JobVacancyFavorites validation failed: companyId: Path `companyId` is required., favoriteCandidates.0: Path `favoriteCandidates.0` is required.
2024-11-01 08:23:09 [ERROR]: Erro ao adicionar candidato aos favoritos: JobVacancyFavorites validation failed: companyId: Path `companyId` is required., favoriteCandidates.0: Path `favoriteCandidates.0` is required.
2024-11-01 08:23:10 [ERROR]: Erro ao adicionar candidato aos favoritos: JobVacancyFavorites validation failed: companyId: Path `companyId` is required., favoriteCandidates.0: Path `favoriteCandidates.0` is required.
2024-11-01 08:23:10 [ERROR]: Erro ao adicionar candidato aos favoritos: JobVacancyFavorites validation failed: companyId: Path `companyId` is required., favoriteCandidates.0: Path `favoriteCandidates.0` is required.
2024-11-01 08:23:10 [ERROR]: Erro ao adicionar candidato aos favoritos: JobVacancyFavorites validation failed: companyId: Path `companyId` is required., favoriteCandidates.0: Path `favoriteCandidates.0` is required.
2024-11-01 08:23:10 [ERROR]: Erro ao adicionar candidato aos favoritos: JobVacancyFavorites validation failed: companyId: Path `companyId` is required., favoriteCandidates.0: Path `favoriteCandidates.0` is required.
2024-11-01 08:23:10 [ERROR]: Erro ao adicionar candidato aos favoritos: JobVacancyFavorites validation failed: companyId: Path `companyId` is required., favoriteCandidates.0: Path `favoriteCandidates.0` is required.
2024-11-01 08:23:11 [ERROR]: Erro ao adicionar candidato aos favoritos: JobVacancyFavorites validation failed: companyId: Path `companyId` is required., favoriteCandidates.0: Path `favoriteCandidates.0` is required.
2024-11-01 08:23:53 [ERROR]: Erro ao adicionar candidato aos favoritos: Cast to ObjectId failed for value "{ id: new ObjectId('671d52fde1ea57f040b491c8'), role: 'Company' }" (type Object) at path "companyId" for model "JobVacancyFavorites"
2024-11-01 08:26:33 [ERROR]: Erro ao adicionar candidato aos favoritos: JobVacancyFavorites validation failed: favoriteCandidates.0: Path `favoriteCandidates.0` is required.
2024-11-01 08:26:34 [ERROR]: Erro ao adicionar candidato aos favoritos: JobVacancyFavorites validation failed: favoriteCandidates.0: Path `favoriteCandidates.0` is required.
2024-11-01 08:26:35 [ERROR]: Erro ao adicionar candidato aos favoritos: JobVacancyFavorites validation failed: favoriteCandidates.0: Path `favoriteCandidates.0` is required.
2024-11-01 08:26:49 [ERROR]: Erro ao adicionar candidato aos favoritos: JobVacancyFavorites validation failed: favoriteCandidates.0: Path `favoriteCandidates.0` is required.
2024-11-01 08:26:50 [ERROR]: Erro ao adicionar candidato aos favoritos: JobVacancyFavorites validation failed: favoriteCandidates.0: Path `favoriteCandidates.0` is required.
2024-11-01 14:21:07 [ERROR]: Erro ao atualizar candidato pelo ID: Validation failed: candidateIdioms.0.level: `` is not a valid enum value for path `level`.
2024-11-01 16:44:17 [ERROR]: Erro ao criar empresa: Company validation failed: branchOfActivity: Path `branchOfActivity` is required. - Dados: {"email":"empresa.TS@gmail.com","companyName":"TechSol Indústria de Tecnologia e Manutenção","password":"123","confirmPassword":"123","employerCompanyData":{"fantasyName":"TS germany","cnpj":"16.254.890/0001-06","socialReason":"indústria tecnológica e manutenção "},"positionInTheCompany":"Dono","address":{"publicPlace":"Rua São Vicente de Paulo","neighborhood":"Santa Cecília","city":"São Paulo","state":"SP","cep":"01229010","number":"231"},"telephone":"11996782345","description":"recrutar funcionários adequados, com inglês intermediário e nível de escolaridade media.","type":"Empresa Empregadora"}
2024-11-01 16:51:22 [ERROR]: Erro ao criar candidato: Candidate validation failed: candidateAddress.state: Path `candidateAddress.state` is required., candidateAddress.city: Path `candidateAddress.city` is required., candidateAddress.neighborhood: Path `candidateAddress.neighborhood` is required., candidateAddress.publicPlace: Path `candidateAddress.publicPlace` is required.Requisição:[object Object]
2024-11-01 16:52:45 [ERROR]: Erro ao criar candidato: Candidate validation failed: candidateAddress.state: Path `candidateAddress.state` is required., candidateAddress.city: Path `candidateAddress.city` is required., candidateAddress.neighborhood: Path `candidateAddress.neighborhood` is required., candidateAddress.publicPlace: Path `candidateAddress.publicPlace` is required., candidateGender: Path `candidateGender` is required.Requisição:[object Object]
