2024-11-27 08:03:06 [ERROR]: Erro ao listar denúncias: Cannot read properties of null (reading '_id')
2024-11-27 08:03:06 [ERROR]: Erro ao listar denúncias: Cannot read properties of null (reading '_id')
2024-11-27 08:03:10 [ERROR]: Erro ao listar denúncias: Cannot read properties of null (reading '_id')
2024-11-27 08:03:10 [ERROR]: Erro ao listar denúncias: Cannot read properties of null (reading '_id')
2024-11-27 08:03:11 [ERROR]: Erro ao listar denúncias: Cannot read properties of null (reading '_id')
2024-11-27 08:03:11 [ERROR]: Erro ao listar denúncias: Cannot read properties of null (reading '_id')
2024-11-27 08:03:12 [ERROR]: Erro ao listar denúncias: Cannot read properties of null (reading '_id')
2024-11-27 08:03:12 [ERROR]: Erro ao listar denúncias: Cannot read properties of null (reading '_id')
2024-11-27 08:04:20 [ERROR]: Erro ao listar denúncias: Cannot read properties of null (reading '_id')
2024-11-27 08:04:20 [ERROR]: Erro ao listar denúncias: Cannot read properties of null (reading '_id')
2024-11-27 08:05:31 [ERROR]: Erro ao listar denúncias: Cannot read properties of null (reading '_id')
2024-11-27 08:05:31 [ERROR]: Erro ao listar denúncias: Cannot read properties of null (reading '_id')
2024-11-27 08:05:32 [ERROR]: Erro ao listar denúncias: Cannot read properties of null (reading '_id')
2024-11-27 08:05:32 [ERROR]: Erro ao listar denúncias: Cannot read properties of null (reading '_id')
2024-11-27 08:05:33 [ERROR]: Erro ao listar denúncias: Cannot read properties of null (reading '_id')
2024-11-27 08:05:33 [ERROR]: Erro ao listar denúncias: Cannot read properties of null (reading '_id')
2024-11-27 08:05:34 [ERROR]: Erro ao listar denúncias: Cannot read properties of null (reading '_id')
2024-11-27 08:05:34 [ERROR]: Erro ao listar denúncias: Cannot read properties of null (reading '_id')
2024-11-27 08:05:35 [ERROR]: Erro ao listar denúncias: Cannot read properties of null (reading '_id')
2024-11-27 08:05:35 [ERROR]: Erro ao listar denúncias: Cannot read properties of null (reading '_id')
2024-11-27 08:05:35 [ERROR]: Erro ao listar denúncias: Cannot read properties of null (reading '_id')
2024-11-27 08:05:36 [ERROR]: Erro ao listar denúncias: Cannot read properties of null (reading '_id')
2024-11-27 08:05:36 [ERROR]: Erro ao listar denúncias: Cannot read properties of null (reading '_id')
2024-11-27 08:05:36 [ERROR]: Erro ao listar denúncias: Cannot read properties of null (reading '_id')
2024-11-27 08:05:37 [ERROR]: Erro ao listar denúncias: Cannot read properties of null (reading '_id')
2024-11-27 08:05:37 [ERROR]: Erro ao listar denúncias: Cannot read properties of null (reading '_id')
2024-11-27 08:05:38 [ERROR]: Erro ao listar denúncias: Cannot read properties of null (reading '_id')
2024-11-27 08:05:38 [ERROR]: Erro ao listar denúncias: Cannot read properties of null (reading '_id')
2024-11-27 08:21:48 [ERROR]: Erro ao listar denúncias: Cannot read properties of null (reading '_id')
2024-11-27 08:21:49 [ERROR]: Erro ao listar denúncias: Cannot read properties of null (reading '_id')
2024-11-27 08:42:47 [ERROR]: Erro ao listar denúncias: Cannot read properties of null (reading '_id')
2024-11-27 08:42:47 [ERROR]: Erro ao listar denúncias: Cannot read properties of null (reading '_id')
2024-11-27 08:42:49 [ERROR]: Erro ao listar denúncias: Cannot read properties of null (reading '_id')
2024-11-27 08:42:49 [ERROR]: Erro ao listar denúncias: Cannot read properties of null (reading '_id')
2024-11-27 08:42:50 [ERROR]: Erro ao listar denúncias: Cannot read properties of null (reading '_id')
2024-11-27 08:42:50 [ERROR]: Erro ao listar denúncias: Cannot read properties of null (reading '_id')
2024-11-27 08:46:02 [ERROR]: Erro ao listar denúncias: Cannot read properties of null (reading '_id')
2024-11-27 08:46:02 [ERROR]: Erro ao listar denúncias: Cannot read properties of null (reading '_id')
2024-11-27 08:46:12 [ERROR]: Erro ao listar denúncias: Cannot read properties of null (reading '_id')
2024-11-27 08:46:12 [ERROR]: Erro ao listar denúncias: Cannot read properties of null (reading '_id')
2024-11-27 08:46:13 [ERROR]: Erro ao listar denúncias: Cannot read properties of null (reading '_id')
2024-11-27 08:46:13 [ERROR]: Erro ao listar denúncias: Cannot read properties of null (reading '_id')
2024-11-27 08:46:14 [ERROR]: Erro ao listar denúncias: Cannot read properties of null (reading '_id')
2024-11-27 08:46:14 [ERROR]: Erro ao listar denúncias: Cannot read properties of null (reading '_id')
2024-11-27 08:46:16 [ERROR]: Erro ao listar denúncias: Cannot read properties of null (reading '_id')
2024-11-27 08:46:16 [ERROR]: Erro ao listar denúncias: Cannot read properties of null (reading '_id')
2024-11-27 09:08:47 [ERROR]: Erro ao listar denúncias: Cannot read properties of null (reading '_id')
2024-11-27 09:08:47 [ERROR]: Erro ao listar denúncias: Cannot read properties of null (reading '_id')
2024-11-27 09:09:25 [ERROR]: Erro ao listar denúncias: Cannot read properties of null (reading '_id')
2024-11-27 09:09:25 [ERROR]: Erro ao listar denúncias: Cannot read properties of null (reading '_id')
2024-11-27 09:09:38 [ERROR]: Erro ao listar denúncias: Cannot read properties of null (reading '_id')
2024-11-27 09:09:38 [ERROR]: Erro ao listar denúncias: Cannot read properties of null (reading '_id')
2024-11-27 09:10:57 [ERROR]: Erro ao listar denúncias: Cannot read properties of null (reading '_id')
2024-11-27 09:10:57 [ERROR]: Erro ao listar denúncias: Cannot read properties of null (reading '_id')
2024-11-27 09:39:25 [ERROR]: Erro ao listar denúncias: Cannot read properties of null (reading '_id')
2024-11-27 09:39:25 [ERROR]: Erro ao listar denúncias: Cannot read properties of null (reading '_id')
2024-11-27 09:39:46 [ERROR]: Erro ao listar denúncias: Cannot read properties of null (reading '_id')
2024-11-27 09:39:46 [ERROR]: Erro ao listar denúncias: Cannot read properties of null (reading '_id')
2024-11-27 09:40:33 [ERROR]: Erro ao listar denúncias: Cannot read properties of null (reading '_id')
2024-11-27 09:40:33 [ERROR]: Erro ao listar denúncias: Cannot read properties of null (reading '_id')
2024-11-27 09:40:34 [ERROR]: Erro ao listar denúncias: Cannot read properties of null (reading '_id')
2024-11-27 09:40:34 [ERROR]: Erro ao listar denúncias: Cannot read properties of null (reading '_id')
2024-11-27 09:40:55 [ERROR]: Erro ao listar denúncias: Cannot read properties of null (reading '_id')
2024-11-27 09:40:55 [ERROR]: Erro ao listar denúncias: Cannot read properties of null (reading '_id')
2024-11-27 09:41:12 [ERROR]: Erro ao listar denúncias: Cannot read properties of null (reading '_id')
2024-11-27 09:41:12 [ERROR]: Erro ao listar denúncias: Cannot read properties of null (reading '_id')
2024-11-27 09:41:15 [ERROR]: Erro ao listar denúncias: Cannot read properties of null (reading '_id')
2024-11-27 09:41:15 [ERROR]: Erro ao listar denúncias: Cannot read properties of null (reading '_id')
2024-11-27 09:47:28 [ERROR]: Erro ao listar denúncias: Cannot read properties of null (reading '_id')
2024-11-27 09:47:28 [ERROR]: Erro ao listar denúncias: Cannot read properties of null (reading '_id')
2024-11-27 10:07:00 [ERROR]: Erro ao listar denúncias: Cannot read properties of null (reading '_id')
2024-11-27 10:07:00 [ERROR]: Erro ao listar denúncias: Cannot read properties of null (reading '_id')
2024-11-27 10:13:09 [ERROR]: Erro ao listar denúncias: Cannot read properties of null (reading '_id')
2024-11-27 10:13:09 [ERROR]: Erro ao listar denúncias: Cannot read properties of null (reading '_id')
2024-11-27 10:13:12 [ERROR]: Erro ao listar denúncias: Cannot read properties of null (reading '_id')
2024-11-27 10:13:12 [ERROR]: Erro ao listar denúncias: Cannot read properties of null (reading '_id')
2024-11-27 10:13:20 [ERROR]: Erro ao listar denúncias: Cannot read properties of null (reading '_id')
2024-11-27 10:13:20 [ERROR]: Erro ao listar denúncias: Cannot read properties of null (reading '_id')
2024-11-27 10:16:53 [ERROR]: Erro ao listar denúncias: Cannot read properties of null (reading '_id')
2024-11-27 10:16:53 [ERROR]: Erro ao listar denúncias: Cannot read properties of null (reading '_id')
2024-11-27 10:34:56 [ERROR]: Erro ao listar denúncias: Cannot read properties of null (reading '_id')
2024-11-27 10:34:56 [ERROR]: Erro ao listar denúncias: Cannot read properties of null (reading '_id')
2024-11-27 10:34:57 [ERROR]: Erro ao listar denúncias: Cannot read properties of null (reading '_id')
2024-11-27 10:34:57 [ERROR]: Erro ao listar denúncias: Cannot read properties of null (reading '_id')
2024-11-27 10:42:02 [ERROR]: Erro ao listar denúncias: Cannot read properties of null (reading '_id')
2024-11-27 10:42:02 [ERROR]: Erro ao listar denúncias: Cannot read properties of null (reading '_id')
2024-11-27 10:50:48 [ERROR]: Erro ao listar denúncias: Cannot read properties of null (reading '_id')
2024-11-27 10:50:48 [ERROR]: Erro ao listar denúncias: Cannot read properties of null (reading '_id')
2024-11-27 13:13:49 [ERROR]: Erro ao listar denúncias: Cannot read properties of null (reading '_id')
2024-11-27 13:13:49 [ERROR]: Erro ao listar denúncias: Cannot read properties of null (reading '_id')
2024-11-27 13:13:53 [ERROR]: Erro ao listar denúncias: Cannot read properties of null (reading '_id')
2024-11-27 13:13:53 [ERROR]: Erro ao listar denúncias: Cannot read properties of null (reading '_id')
2024-11-27 13:14:07 [ERROR]: Erro ao listar denúncias: Cannot read properties of null (reading '_id')
2024-11-27 13:14:07 [ERROR]: Erro ao listar denúncias: Cannot read properties of null (reading '_id')
2024-11-27 13:14:11 [ERROR]: Erro ao listar denúncias: Cannot read properties of null (reading '_id')
2024-11-27 13:14:11 [ERROR]: Erro ao listar denúncias: Cannot read properties of null (reading '_id')
2024-11-27 13:14:15 [ERROR]: Erro ao listar denúncias: Cannot read properties of null (reading '_id')
2024-11-27 13:14:15 [ERROR]: Erro ao listar denúncias: Cannot read properties of null (reading '_id')
2024-11-27 13:14:20 [ERROR]: Erro ao listar denúncias: Cannot read properties of null (reading '_id')
2024-11-27 13:14:20 [ERROR]: Erro ao listar denúncias: Cannot read properties of null (reading '_id')
2024-11-27 13:14:25 [ERROR]: Erro ao listar denúncias: Cannot read properties of null (reading '_id')
2024-11-27 13:14:25 [ERROR]: Erro ao listar denúncias: Cannot read properties of null (reading '_id')
2024-11-27 13:14:27 [ERROR]: Erro ao listar denúncias: Cannot read properties of null (reading '_id')
2024-11-27 13:14:27 [ERROR]: Erro ao listar denúncias: Cannot read properties of null (reading '_id')
2024-11-27 13:14:41 [ERROR]: Erro ao listar denúncias: Cannot read properties of null (reading '_id')
2024-11-27 13:14:41 [ERROR]: Erro ao listar denúncias: Cannot read properties of null (reading '_id')
2024-11-27 13:14:45 [ERROR]: Erro ao listar denúncias: Cannot read properties of null (reading '_id')
2024-11-27 13:14:45 [ERROR]: Erro ao listar denúncias: Cannot read properties of null (reading '_id')
2024-11-27 13:15:12 [ERROR]: Erro ao listar denúncias: Cannot read properties of null (reading '_id')
2024-11-27 13:15:12 [ERROR]: Erro ao listar denúncias: Cannot read properties of null (reading '_id')
2024-11-27 13:18:27 [ERROR]: Erro ao listar denúncias: Cannot read properties of null (reading '_id')
2024-11-27 13:18:27 [ERROR]: Erro ao listar denúncias: Cannot read properties of null (reading '_id')
2024-11-27 13:18:29 [ERROR]: Erro ao listar denúncias: Cannot read properties of null (reading '_id')
2024-11-27 13:18:29 [ERROR]: Erro ao listar denúncias: Cannot read properties of null (reading '_id')
2024-11-27 13:18:30 [ERROR]: Erro ao listar denúncias: Cannot read properties of null (reading '_id')
2024-11-27 13:18:30 [ERROR]: Erro ao listar denúncias: Cannot read properties of null (reading '_id')
2024-11-27 13:19:32 [ERROR]: Erro ao listar denúncias: Cannot read properties of null (reading '_id')
2024-11-27 13:19:32 [ERROR]: Erro ao listar denúncias: Cannot read properties of null (reading '_id')
2024-11-27 13:19:34 [ERROR]: Erro ao listar denúncias: Cannot read properties of null (reading '_id')
2024-11-27 13:19:35 [ERROR]: Erro ao listar denúncias: Cannot read properties of null (reading '_id')
2024-11-27 13:19:38 [ERROR]: Erro ao listar denúncias: Cannot read properties of null (reading '_id')
2024-11-27 13:19:38 [ERROR]: Erro ao listar denúncias: Cannot read properties of null (reading '_id')
2024-11-27 13:20:16 [ERROR]: Erro ao listar denúncias: Cannot read properties of null (reading '_id')
2024-11-27 13:20:16 [ERROR]: Erro ao listar denúncias: Cannot read properties of null (reading '_id')
2024-11-27 13:20:16 [ERROR]: Erro ao listar denúncias: Cannot read properties of null (reading '_id')
2024-11-27 13:20:16 [ERROR]: Erro ao listar denúncias: Cannot read properties of null (reading '_id')
2024-11-27 13:27:19 [ERROR]: Erro ao listar denúncias: Cannot read properties of null (reading '_id')
2024-11-27 13:27:20 [ERROR]: Erro ao listar denúncias: Cannot read properties of null (reading '_id')
2024-11-27 13:27:43 [ERROR]: Erro ao listar denúncias: Cannot read properties of null (reading '_id')
2024-11-27 13:27:43 [ERROR]: Erro ao listar denúncias: Cannot read properties of null (reading '_id')
2024-11-27 13:27:46 [ERROR]: Erro ao listar denúncias: Cannot read properties of null (reading '_id')
2024-11-27 13:27:46 [ERROR]: Erro ao listar denúncias: Cannot read properties of null (reading '_id')
2024-11-27 13:27:50 [ERROR]: Erro ao listar denúncias: Cannot read properties of null (reading '_id')
2024-11-27 13:27:51 [ERROR]: Erro ao listar denúncias: Cannot read properties of null (reading '_id')
2024-11-27 13:27:51 [ERROR]: Erro ao listar denúncias: Cannot read properties of null (reading '_id')
2024-11-27 13:27:58 [ERROR]: Erro ao listar denúncias: Cannot read properties of null (reading '_id')
2024-11-27 13:27:59 [ERROR]: Erro ao listar denúncias: Cannot read properties of null (reading '_id')
2024-11-27 13:28:20 [ERROR]: Erro ao listar denúncias: Cannot read properties of null (reading '_id')
2024-11-27 13:28:20 [ERROR]: Erro ao listar denúncias: Cannot read properties of null (reading '_id')
2024-11-27 13:28:21 [ERROR]: Erro ao listar denúncias: Cannot read properties of null (reading '_id')
2024-11-27 13:28:25 [ERROR]: Erro ao listar denúncias: Cannot read properties of null (reading '_id')
2024-11-27 13:28:25 [ERROR]: Erro ao listar denúncias: Cannot read properties of null (reading '_id')
2024-11-27 13:28:31 [ERROR]: Erro ao listar denúncias: Cannot read properties of null (reading '_id')
2024-11-27 13:28:31 [ERROR]: Erro ao listar denúncias: Cannot read properties of null (reading '_id')
2024-11-27 13:29:22 [ERROR]: Erro ao listar denúncias: Cannot read properties of null (reading '_id')
2024-11-27 13:29:22 [ERROR]: Erro ao listar denúncias: Cannot read properties of null (reading '_id')
2024-11-27 13:30:30 [ERROR]: Erro ao listar denúncias: Cannot read properties of null (reading '_id')
2024-11-27 13:30:30 [ERROR]: Erro ao listar denúncias: Cannot read properties of null (reading '_id')
2024-11-27 13:30:32 [ERROR]: Erro ao listar denúncias: Cannot read properties of null (reading '_id')
2024-11-27 13:30:32 [ERROR]: Erro ao listar denúncias: Cannot read properties of null (reading '_id')
2024-11-27 14:05:08 [ERROR]: Erro ao listar denúncias: Cannot read properties of null (reading '_id')
2024-11-27 14:05:08 [ERROR]: Erro ao listar denúncias: Cannot read properties of null (reading '_id')
2024-11-27 14:05:22 [ERROR]: Erro ao listar denúncias: Cannot read properties of null (reading '_id')
2024-11-27 14:05:22 [ERROR]: Erro ao listar denúncias: Cannot read properties of null (reading '_id')
2024-11-27 14:06:54 [ERROR]: Erro ao listar denúncias: Cannot read properties of null (reading '_id')
2024-11-27 14:06:54 [ERROR]: Erro ao listar denúncias: Cannot read properties of null (reading '_id')
2024-11-27 14:17:59 [ERROR]: Erro ao listar denúncias: Cannot read properties of null (reading '_id')
2024-11-27 14:17:59 [ERROR]: Erro ao listar denúncias: Cannot read properties of null (reading '_id')
2024-11-27 14:18:48 [ERROR]: Erro: id is not defined
2024-11-27 14:19:25 [ERROR]: Erro: id is not defined
2024-11-27 14:21:13 [ERROR]: Erro: id is not defined
2024-11-27 14:22:47 [ERROR]: Erro: id is not defined
2024-11-27 14:25:48 [ERROR]: Erro: id is not defined
2024-11-27 14:27:15 [ERROR]: Erro: id is not defined
2024-11-27 14:29:10 [ERROR]: Erro: id is not defined
2024-11-27 14:29:30 [ERROR]: Erro: id is not defined
2024-11-27 14:29:39 [ERROR]: Erro: id is not defined
2024-11-27 14:31:22 [ERROR]: Erro ao atualizar usuário pelo ID 672b51b5db40ef89b9659325: generateCode is not defined
2024-11-27 14:32:35 [ERROR]: Erro ao atualizar usuário pelo ID 672b51b5db40ef89b9659325: generateCode is not defined
2024-11-27 14:33:08 [ERROR]: Erro ao atualizar usuário pelo ID 672b51b5db40ef89b9659325: sendVerificationEmail is not defined
2024-11-27 14:33:21 [ERROR]: Erro ao atualizar usuário pelo ID 672b51b5db40ef89b9659325: sendVerificationEmail is not a function
2024-11-27 14:37:38 [ERROR]: Erro ao listar denúncias: Cannot read properties of null (reading '_id')
2024-11-27 14:37:38 [ERROR]: Erro ao listar denúncias: Cannot read properties of null (reading '_id')
2024-11-27 14:37:43 [ERROR]: Erro ao listar denúncias: Cannot read properties of null (reading '_id')
2024-11-27 14:37:43 [ERROR]: Erro ao listar denúncias: Cannot read properties of null (reading '_id')
2024-11-27 14:38:11 [ERROR]: Erro ao listar denúncias: Cannot read properties of null (reading '_id')
2024-11-27 14:38:11 [ERROR]: Erro ao listar denúncias: Cannot read properties of null (reading '_id')
2024-11-27 14:38:13 [ERROR]: Erro ao listar denúncias: Cannot read properties of null (reading '_id')
2024-11-27 14:38:13 [ERROR]: Erro ao listar denúncias: Cannot read properties of null (reading '_id')
2024-11-27 14:39:08 [ERROR]: Erro ao listar denúncias: Cannot read properties of null (reading '_id')
2024-11-27 14:39:09 [ERROR]: Erro ao listar denúncias: Cannot read properties of null (reading '_id')
2024-11-27 14:39:09 [ERROR]: Erro ao listar denúncias: Cannot read properties of null (reading '_id')
2024-11-27 14:39:09 [ERROR]: Erro ao listar denúncias: Cannot read properties of null (reading '_id')
2024-11-27 14:39:34 [ERROR]: Erro ao listar denúncias: Cannot read properties of null (reading '_id')
2024-11-27 14:39:34 [ERROR]: Erro ao listar denúncias: Cannot read properties of null (reading '_id')
2024-11-27 14:41:16 [ERROR]: Erro ao validar token de atualização: jwt expired
2024-11-27 14:43:01 [ERROR]: Erro ao listar denúncias: Cannot read properties of null (reading '_id')
2024-11-27 14:43:01 [ERROR]: Erro ao listar denúncias: Cannot read properties of null (reading '_id')
2024-11-27 14:46:32 [ERROR]: Erro ao listar denúncias: Cannot read properties of null (reading '_id')
2024-11-27 14:46:32 [ERROR]: Erro ao listar denúncias: Cannot read properties of null (reading '_id')
2024-11-27 14:47:49 [ERROR]: Erro ao listar denúncias: Cannot read properties of null (reading '_id')
2024-11-27 14:47:49 [ERROR]: Erro ao listar denúncias: Cannot read properties of null (reading '_id')
2024-11-27 14:47:52 [ERROR]: Erro ao listar denúncias: Cannot read properties of null (reading '_id')
2024-11-27 14:47:52 [ERROR]: Erro ao listar denúncias: Cannot read properties of null (reading '_id')
2024-11-27 14:48:04 [ERROR]: Erro ao listar denúncias: Cannot read properties of null (reading '_id')
2024-11-27 14:48:04 [ERROR]: Erro ao listar denúncias: Cannot read properties of null (reading '_id')
2024-11-27 14:48:10 [ERROR]: Erro ao listar denúncias: Cannot read properties of null (reading '_id')
2024-11-27 14:48:10 [ERROR]: Erro ao listar denúncias: Cannot read properties of null (reading '_id')
2024-11-27 14:48:11 [ERROR]: Erro ao listar denúncias: Cannot read properties of null (reading '_id')
2024-11-27 14:48:11 [ERROR]: Erro ao listar denúncias: Cannot read properties of null (reading '_id')
2024-11-27 14:49:31 [ERROR]: Erro ao listar denúncias: Cannot read properties of null (reading '_id')
2024-11-27 14:49:31 [ERROR]: Erro ao listar denúncias: Cannot read properties of null (reading '_id')
2024-11-27 14:51:21 [ERROR]: Erro ao listar denúncias: Cannot read properties of null (reading '_id')
2024-11-27 14:51:21 [ERROR]: Erro ao listar denúncias: Cannot read properties of null (reading '_id')
2024-11-27 14:52:20 [ERROR]: Erro ao listar denúncias: Cannot read properties of null (reading '_id')
2024-11-27 14:52:20 [ERROR]: Erro ao listar denúncias: Cannot read properties of null (reading '_id')
2024-11-27 14:53:14 [ERROR]: Erro ao listar denúncias: Cannot read properties of null (reading 'id')
2024-11-27 14:53:14 [ERROR]: Erro ao consultar avisos e contas banidas: The field 'id' must be an accumulator object
2024-11-27 14:53:14 [ERROR]: Erro ao consultar avisos e contas banidas: The field 'id' must be an accumulator object
2024-11-27 14:53:14 [ERROR]: Erro ao listar denúncias: Cannot read properties of null (reading 'id')
2024-11-27 14:53:51 [ERROR]: Erro ao listar denúncias: Cannot read properties of null (reading '_id')
2024-11-27 14:53:51 [ERROR]: Erro ao listar denúncias: Cannot read properties of null (reading '_id')
2024-11-27 14:54:56 [ERROR]: Erro ao listar denúncias: Cannot read properties of null (reading '_id')
2024-11-27 14:54:57 [ERROR]: Erro ao listar denúncias: Cannot read properties of null (reading '_id')
2024-11-27 14:55:35 [ERROR]: Erro ao listar denúncias: Cannot read properties of null (reading '_id')
2024-11-27 14:55:35 [ERROR]: Erro ao listar denúncias: Cannot read properties of null (reading '_id')
2024-11-27 14:57:19 [ERROR]: Erro ao listar denúncias: Cannot read properties of null (reading '_id')
2024-11-27 14:57:19 [ERROR]: Erro ao listar denúncias: Cannot read properties of null (reading '_id')
2024-11-27 14:57:26 [ERROR]: Erro ao listar denúncias: Cannot read properties of null (reading '_id')
2024-11-27 14:57:26 [ERROR]: Erro ao listar denúncias: Cannot read properties of null (reading '_id')
2024-11-27 14:57:27 [ERROR]: Erro ao listar denúncias: Cannot read properties of null (reading '_id')
2024-11-27 14:57:27 [ERROR]: Erro ao listar denúncias: Cannot read properties of null (reading '_id')
2024-11-27 14:58:11 [ERROR]: Erro ao listar denúncias: Cannot read properties of null (reading '_id')
2024-11-27 14:58:11 [ERROR]: Erro ao listar denúncias: Cannot read properties of null (reading '_id')
2024-11-27 14:58:44 [ERROR]: Erro ao listar denúncias: Cannot read properties of null (reading '_id')
2024-11-27 14:58:44 [ERROR]: Erro ao listar denúncias: Cannot read properties of null (reading '_id')
2024-11-27 14:59:09 [ERROR]: Erro ao listar denúncias: Cannot read properties of null (reading '_id')
2024-11-27 14:59:09 [ERROR]: Erro ao listar denúncias: Cannot read properties of null (reading '_id')
2024-11-27 14:59:11 [ERROR]: Erro ao listar denúncias: Cannot read properties of null (reading '_id')
2024-11-27 14:59:11 [ERROR]: Erro ao listar denúncias: Cannot read properties of null (reading '_id')
2024-11-27 14:59:13 [ERROR]: Erro ao listar denúncias: Cannot read properties of null (reading '_id')
2024-11-27 14:59:13 [ERROR]: Erro ao listar denúncias: Cannot read properties of null (reading '_id')
2024-11-27 15:01:17 [ERROR]: Erro ao excluir denúncia: Cast to ObjectId failed for value "undefined" (type string) at path "_id" for model "Report"
2024-11-27 15:01:17 [ERROR]: Erro ao excluir denúncia: Cast to ObjectId failed for value "undefined" (type string) at path "_id" for model "Report"
2024-11-27 15:03:22 [ERROR]: Erro ao excluir denúncia: Cast to ObjectId failed for value "undefined" (type string) at path "_id" for model "Report"
2024-11-27 15:03:31 [ERROR]: Erro ao excluir denúncia: Cast to ObjectId failed for value "undefined" (type string) at path "_id" for model "Report"
2024-11-27 15:05:08 [ERROR]: Erro ao excluir denúncia: Cast to ObjectId failed for value "undefined" (type string) at path "_id" for model "Report"
