2024-10-02 07:53:07 [ERROR]: Erro ao criar candidato: Illegal arguments: undefined, number
2024-10-02 07:53:28 [ERROR]: Erro ao criar candidato: Illegal arguments: undefined, number
2024-10-02 07:57:22 [ERROR]: Erro ao criar candidato: Illegal arguments: undefined, number
2024-10-02 07:58:01 [ERROR]: Erro ao criar candidato: Illegal arguments: undefined, number
2024-10-02 08:16:07 [ERROR]: Erro ao criar candidato: Candidate validation failed: candidatePhone: Path `candidatePhone` is required., desiredRole: Path `desiredRole` is required., desiredState: Path `desiredState` is required., desiredCity: Path `desiredCity` is required., candidateAddress: Path `candidateAddress` is required., candidateGender: Path `candidateGender` is required.
2024-10-02 08:39:04 [ERROR]: Erro ao criar candidato: Candidate validation failed: desiredState: Path `desiredState` is required., candidateAddress: Path `candidateAddress` is required., candidateGender: Path `candidateGender` is required.
2024-10-02 08:39:53 [ERROR]: Erro ao criar candidato: Candidate validation failed: desiredState: Path `desiredState` is required., candidateAddress: Path `candidateAddress` is required., candidateGender: Path `candidateGender` is required.
2024-10-02 09:08:39 [ERROR]: Erro ao criar candidato: Illegal arguments: undefined, number
2024-10-02 09:10:59 [ERROR]: Erro ao criar candidato: Illegal arguments: undefined, number
2024-10-02 09:41:29 [ERROR]: Erro ao criar candidato: Illegal arguments: undefined, number
2024-10-02 10:10:26 [ERROR]: Erro ao criar candidato: Candidate validation failed: candidateCEP: Path `candidateCEP` is required., candidateGender: Path `candidateGender` is required.
2024-10-02 10:11:27 [ERROR]: Erro ao criar candidato: Candidate validation failed: candidateCEP: Path `candidateCEP` is required., candidateGender: Path `candidateGender` is required.
2024-10-02 10:13:01 [ERROR]: Erro ao criar candidato: Candidate validation failed: candidateCEP: Path `candidateCEP` is required., candidateGender: Path `candidateGender` is required.
2024-10-02 10:18:44 [ERROR]: Erro ao criar candidato: Candidate validation failed: candidateCEP: Path `candidateCEP` is required., candidateAddress: Path `candidateAddress` is required., candidateGender: Path `candidateGender` is required.
2024-10-02 10:23:06 [ERROR]: Erro ao criar candidato: Candidate validation failed: candidateName: Path `candidateName` is required., candidateCEP: Path `candidateCEP` is required., candidateAddress: Path `candidateAddress` is required., candidateGender: Path `candidateGender` is required.
2024-10-02 10:27:45 [ERROR]: Erro ao criar candidato: Candidate validation failed: candidateName: Path `candidateName` is required., candidateCEP: Path `candidateCEP` is required., candidateAddress: Path `candidateAddress` is required., candidateGender: Path `candidateGender` is required.Requisição:[object Object]
2024-10-02 10:35:30 [ERROR]: Erro ao criar empresa: Company validation failed: address.state: Path `address.state` is required., address.city: Path `address.city` is required., address.number: Path `address.number` is required., address.publicPlace: Path `address.publicPlace` is required., address.cep: Path `address.cep` is required., positionInTheCompany: Path `positionInTheCompany` is required., type: Path `type` is required. - Dados: {"email":"empresa@gmail.com","companyName":"Empresa Teste","branchOfActivity":"Saúde","telephone":"(11) 96785-0906","password":"joblink138","confirmPassword":"jobLink138","crhCompanyData.cnpj":"12.345.678/0001-90","crhCompanyData.socialReason":"Legal em","crhCompanyData.fantasyName":"Empresando","address.cep":"06160180","address.number":"333","description":"HAHAHAH"}
2024-10-02 10:46:07 [ERROR]: Erro ao criar candidato: Candidate validation failed: candidateGender: Path `candidateGender` is required.Requisição:[object Object]
2024-10-02 10:50:05 [ERROR]: Erro ao criar candidato: Candidate validation failed: candidateGender: Path `candidateGender` is required.Requisição:[object Object]
2024-10-02 11:02:59 [ERROR]: Erro ao criar candidato: Candidate validation failed: candidateGender: Path `candidateGender` is required.Requisição:[object Object]
2024-10-02 11:03:15 [ERROR]: Erro ao criar candidato: Candidate validation failed: candidateGender: Path `candidateGender` is required.Requisição:[object Object]
2024-10-02 11:03:25 [ERROR]: Erro ao solicitar código de verificação para undefined: VerificationCode validation failed: email: Path `email` is required.
2024-10-02 11:23:22 [ERROR]: Erro ao adicionar candidato à vaga: Cannot read properties of undefined (reading 'id')
2024-10-02 11:23:22 [ERROR]: Erro ao adicionar candidato à vaga: Cannot read properties of undefined (reading 'id')
2024-10-02 13:24:35 [ERROR]: Erro ao criar candidato: Candidate validation failed: candidateGender: Path `candidateGender` is required.Requisição:[object Object]
2024-10-02 14:34:20 [ERROR]: Erro ao adicionar candidato à vaga: JobVacancy validation failed: workSchedule.workingDays.0: `Monday` is not a valid enum value for path `workSchedule.workingDays.0`., workSchedule.workingDays.1: `Tuesday` is not a valid enum value for path `workSchedule.workingDays.1`., workSchedule.workingDays.2: `Wednesday` is not a valid enum value for path `workSchedule.workingDays.2`., workSchedule.workingDays.3: `Thursday` is not a valid enum value for path `workSchedule.workingDays.3`., workSchedule.workingDays.4: `Friday` is not a valid enum value for path `workSchedule.workingDays.4`.
2024-10-02 14:37:49 [ERROR]: Erro ao criar empresa: Company validation failed: address.state: Path `address.state` is required., address.city: Path `address.city` is required., address.number: Path `address.number` is required., address.publicPlace: Path `address.publicPlace` is required., address.cep: Path `address.cep` is required., positionInTheCompany: Path `positionInTheCompany` is required., type: Path `type` is required. - Dados: {"email":"empresateste1@gmail.com","companyName":"empresa1","branchOfActivity":"Saúde","telephone":"(11) 96785-0907","password":"113","confirmPassword":"123","liberalProfessionalData.registrationDocument":"1111111111111","liberalProfessionalData.registrationNumber":"111","liberalProfessionalData.cpf":"203203932093290","address.cep":"06160180","description":"HAHAHAH","address.number":"333","candidateCEP":""}
2024-10-02 14:44:24 [ERROR]: Erro ao adicionar candidato à vaga: JobVacancy validation failed: employmentType: `Full-time` is not a valid enum value for path `employmentType`., workSchedule.workingDays.0: `Monday` is not a valid enum value for path `workSchedule.workingDays.0`., workSchedule.workingDays.1: `Tuesday` is not a valid enum value for path `workSchedule.workingDays.1`., workSchedule.workingDays.2: `Wednesday` is not a valid enum value for path `workSchedule.workingDays.2`., workSchedule.workingDays.3: `Thursday` is not a valid enum value for path `workSchedule.workingDays.3`., workSchedule.workingDays.4: `Friday` is not a valid enum value for path `workSchedule.workingDays.4`.
2024-10-02 14:49:00 [ERROR]: Erro ao criar candidato: Candidate validation failed: candidateName: Path `candidateName` is required.Requisição:[object Object]
2024-10-02 14:52:17 [ERROR]: Erro ao criar a vaga de emprego: JobVacancy validation failed: employmentType: `Full-time` is not a valid enum value for path `employmentType`., workSchedule.workingDays.0: `Monday` is not a valid enum value for path `workSchedule.workingDays.0`., workSchedule.workingDays.1: `Tuesday` is not a valid enum value for path `workSchedule.workingDays.1`., workSchedule.workingDays.2: `Wednesday` is not a valid enum value for path `workSchedule.workingDays.2`., workSchedule.workingDays.3: `Thursday` is not a valid enum value for path `workSchedule.workingDays.3`., workSchedule.workingDays.4: `Friday` is not a valid enum value for path `workSchedule.workingDays.4`. - Empresa ID: 66fd883595873155c564ec27
2024-10-02 14:52:57 [ERROR]: Erro ao criar a vaga de emprego: JobVacancy validation failed: employmentType: `Integral` is not a valid enum value for path `employmentType`. - Empresa ID: 66fd883595873155c564ec27
2024-10-02 16:27:14 [ERROR]: Erro ao adicionar candidato à vaga: JobApplicationStatus validation failed: companyId: Path `companyId` is required., status: `enviado` is not a valid enum value for path `status`.
2024-10-02 16:29:06 [ERROR]: Erro ao adicionar candidato à vaga: JobApplicationStatus validation failed: companyId: Path `companyId` is required.
2024-10-02 16:29:09 [ERROR]: Erro ao adicionar candidato à vaga: JobApplicationStatus validation failed: companyId: Path `companyId` is required.
