2024-10-19 20:08:44 [ERROR]: Erro ao conectar ao MongoDB: connect ECONNREFUSED 127.0.0.1:27017
2024-10-19 20:24:37 [ERROR]: Erro ao conectar ao MongoDB: connect ECONNREFUSED 127.0.0.1:27017
2024-10-19 20:44:46 [ERROR]: Erro ao criar candidato: Candidate validation failed: candidateAddress: Path `candidateAddress` is required.Requisição:[object Object]
2024-10-19 20:47:00 [ERROR]: Erro ao criar candidato: Candidate validation failed: candidateAddress: Path `candidateAddress` is required.Requisição:[object Object]
2024-10-19 20:53:22 [ERROR]: Erro ao criar candidato: Candidate validation failed: candidateAddress: Path `candidateAddress` is required.Requisição:[object Object]
2024-10-19 20:55:31 [ERROR]: Erro ao criar candidato: Candidate validation failed: candidateAddress: Cast to string failed for value "{
  publicPlace: 'Rua Alcides Mendes Barros',
  neighborhood: 'Vila Silviânia',
  city: 'Carapicuíba',
  state: 'SP',
  cep: '06382330',
  number: ''
}" (type Object) at path "candidateAddress"Requisição:[object Object]
2024-10-19 21:02:00 [ERROR]: Erro ao criar candidato: Candidate validation failed: candidateAddress: Cast to string failed for value "{
  publicPlace: 'Rua Alcides Mendes Barros',
  neighborhood: 'Vila Silviânia',
  city: 'Carapicuíba',
  state: 'SP',
  cep: '06382-330',
  number: '365'
}" (type Object) at path "candidateAddress"Requisição:[object Object]
