2024-08-28 11:02:56 [INFO]: Server is running on port 5000
2024-08-28 11:02:56 [INFO]: MongoDB conectado com sucesso!
2024-08-28 11:03:22 [INFO]: Server is running on port 5000
2024-08-28 11:03:22 [INFO]: MongoDB conectado com sucesso!
2024-08-28 11:03:36 [INFO]: Server is running on port 5000
2024-08-28 11:03:36 [INFO]: MongoDB conectado com sucesso!
2024-08-28 11:04:38 [INFO]: Server is running on port 5000
2024-08-28 11:04:38 [INFO]: MongoDB conectado com sucesso!
2024-08-28 11:04:39 [INFO]: Server is running on port 5000
2024-08-28 11:04:39 [INFO]: MongoDB conectado com sucesso!
2024-08-28 11:04:42 [INFO]: Server is running on port 5000
2024-08-28 11:04:42 [INFO]: MongoDB conectado com sucesso!
2024-08-28 11:04:44 [INFO]: Server is running on port 5000
2024-08-28 11:04:44 [INFO]: MongoDB conectado com sucesso!
2024-08-28 11:04:48 [INFO]: Server is running on port 5000
2024-08-28 11:04:48 [INFO]: MongoDB conectado com sucesso!
2024-08-28 11:04:54 [INFO]: Server is running on port 5000
2024-08-28 11:04:54 [INFO]: MongoDB conectado com sucesso!
2024-08-28 11:05:02 [INFO]: Server is running on port 5000
2024-08-28 11:05:02 [INFO]: MongoDB conectado com sucesso!
2024-08-28 11:05:12 [INFO]: Server is running on port 5000
2024-08-28 11:05:12 [INFO]: MongoDB conectado com sucesso!
2024-08-28 11:05:19 [INFO]: Server is running on port 5000
2024-08-28 11:05:19 [INFO]: MongoDB conectado com sucesso!
2024-08-28 11:07:16 [INFO]: Server is running on port 5000
2024-08-28 11:07:16 [INFO]: MongoDB conectado com sucesso!
2024-08-28 11:07:33 [INFO]: Server is running on port 5000
2024-08-28 11:07:33 [INFO]: MongoDB conectado com sucesso!
2024-08-28 11:07:36 [INFO]: Server is running on port 5000
2024-08-28 11:07:36 [INFO]: MongoDB conectado com sucesso!
2024-08-28 11:07:45 [INFO]: Server is running on port 5000
2024-08-28 11:07:45 [INFO]: MongoDB conectado com sucesso!
2024-08-28 11:07:56 [INFO]: Server is running on port 5000
2024-08-28 11:07:56 [INFO]: MongoDB conectado com sucesso!
2024-08-28 11:08:05 [INFO]: Server is running on port 5000
2024-08-28 11:08:05 [INFO]: MongoDB conectado com sucesso!
2024-08-28 11:08:24 [INFO]: Server is running on port 5000
2024-08-28 11:08:24 [INFO]: MongoDB conectado com sucesso!
2024-08-28 11:08:45 [INFO]: Server is running on port 5000
2024-08-28 11:08:45 [INFO]: MongoDB conectado com sucesso!
2024-08-28 11:09:00 [INFO]: Server is running on port 5000
2024-08-28 11:09:00 [INFO]: MongoDB conectado com sucesso!
2024-08-28 11:09:05 [INFO]: Server is running on port 5000
2024-08-28 11:09:05 [INFO]: MongoDB conectado com sucesso!
2024-08-28 11:09:25 [INFO]: Server is running on port 5000
2024-08-28 11:09:25 [INFO]: MongoDB conectado com sucesso!
2024-08-28 11:09:31 [INFO]: Server is running on port 5000
2024-08-28 11:09:31 [INFO]: MongoDB conectado com sucesso!
2024-08-28 11:09:39 [INFO]: Server is running on port 5000
2024-08-28 11:09:40 [INFO]: MongoDB conectado com sucesso!
2024-08-28 11:09:43 [INFO]: Server is running on port 5000
2024-08-28 11:09:43 [INFO]: MongoDB conectado com sucesso!
2024-08-28 11:09:48 [INFO]: Server is running on port 5000
2024-08-28 11:09:48 [INFO]: MongoDB conectado com sucesso!
2024-08-28 11:09:58 [INFO]: Server is running on port 5000
2024-08-28 11:10:02 [INFO]: Server is running on port 5000
2024-08-28 11:10:02 [INFO]: MongoDB conectado com sucesso!
2024-08-28 11:10:09 [INFO]: Server is running on port 5000
2024-08-28 11:10:09 [INFO]: MongoDB conectado com sucesso!
2024-08-28 11:10:40 [INFO]: Server is running on port 5000
2024-08-28 11:10:40 [INFO]: MongoDB conectado com sucesso!
2024-08-28 11:10:58 [INFO]: Server is running on port 5000
2024-08-28 11:10:58 [INFO]: MongoDB conectado com sucesso!
2024-08-28 11:11:03 [INFO]: Server is running on port 5000
2024-08-28 11:11:03 [INFO]: MongoDB conectado com sucesso!
2024-08-28 11:11:10 [INFO]: Server is running on port 5000
2024-08-28 11:11:10 [INFO]: MongoDB conectado com sucesso!
2024-08-28 11:11:12 [INFO]: Server is running on port 5000
2024-08-28 11:11:12 [INFO]: MongoDB conectado com sucesso!
2024-08-28 11:11:42 [INFO]: Server is running on port 5000
2024-08-28 11:11:42 [INFO]: MongoDB conectado com sucesso!
2024-08-28 11:11:48 [INFO]: Server is running on port 5000
2024-08-28 11:11:48 [INFO]: MongoDB conectado com sucesso!
2024-08-28 11:11:53 [INFO]: Server is running on port 5000
2024-08-28 11:11:53 [INFO]: MongoDB conectado com sucesso!
2024-08-28 11:12:03 [INFO]: IP: ::ffff:127.0.0.1 - GET /api/user/company/vacancy/add-interested/66cf2c1e084f4491accc738c
2024-08-28 11:12:03 [WARN]: Vaga de emprego com ID undefined não encontrada.
2024-08-28 11:12:08 [INFO]: Server is running on port 5000
2024-08-28 11:12:08 [INFO]: MongoDB conectado com sucesso!
2024-08-28 11:12:12 [INFO]: Server is running on port 5000
2024-08-28 11:12:12 [INFO]: MongoDB conectado com sucesso!
2024-08-28 11:12:42 [INFO]: IP: ::ffff:127.0.0.1 - POST /api/user/company/vacancy/add-interested/66cf2c1e084f4491accc738c
2024-08-28 11:12:42 [WARN]: Vaga de emprego com ID undefined não encontrada.
2024-08-28 11:13:18 [INFO]: IP: ::ffff:127.0.0.1 - POST /api/user/company/vacancy/add-interested/66cf2c1e084f4491accc738c
2024-08-28 11:13:18 [WARN]: Vaga de emprego com ID undefined não encontrada.
2024-08-28 11:13:32 [INFO]: Server is running on port 5000
2024-08-28 11:13:32 [INFO]: MongoDB conectado com sucesso!
2024-08-28 11:13:39 [INFO]: Server is running on port 5000
2024-08-28 11:13:39 [INFO]: MongoDB conectado com sucesso!
2024-08-28 11:13:42 [INFO]: Server is running on port 5000
2024-08-28 11:13:42 [INFO]: MongoDB conectado com sucesso!
2024-08-28 11:13:42 [INFO]: IP: ::ffff:127.0.0.1 - POST /api/user/company/vacancy/add-interested/
2024-08-28 11:13:48 [INFO]: Server is running on port 5000
2024-08-28 11:13:48 [INFO]: MongoDB conectado com sucesso!
2024-08-28 11:13:48 [INFO]: IP: ::ffff:127.0.0.1 - POST /api/user/company/vacancy/add-interested/
2024-08-28 11:13:50 [INFO]: IP: ::ffff:127.0.0.1 - POST /api/user/company/vacancy/add-interested/
2024-08-28 11:14:11 [INFO]: IP: ::ffff:127.0.0.1 - POST /api/user/company/vacancy/add-interested/
2024-08-28 11:14:12 [INFO]: IP: ::ffff:127.0.0.1 - POST /api/user/company/vacancy/add-interested/
2024-08-28 11:14:15 [INFO]: Server is running on port 5000
2024-08-28 11:14:15 [INFO]: MongoDB conectado com sucesso!
2024-08-28 11:14:15 [INFO]: IP: ::ffff:127.0.0.1 - POST /api/user/company/vacancy/add-interested/
2024-08-28 11:14:15 [INFO]: Candidato com ID 66cf105a513782ed7e354d68 adicionado à vaga com ID 66cf2c1e084f4491accc738c.
2024-08-28 11:15:52 [INFO]: IP: ::ffff:127.0.0.1 - POST /api/user/company/vacancy/create-vacancy
2024-08-28 11:15:52 [INFO]: Vaga de emprego criada com sucesso: "Desenvolvedor FRONT" pela empresa: Exemplo Ltda (ID: 66cf130d3b1ef1b544ce4a75)
2024-08-28 11:16:10 [INFO]: IP: ::ffff:127.0.0.1 - POST /api/user/company/vacancy/add-interested/
2024-08-28 11:16:10 [INFO]: Candidato com ID 66cf105a513782ed7e354d68 adicionado à vaga com ID 66cf311810260adaebdf1bdb.
